<?xml version="1.0" encoding="UTF-8" standalone="no"?>
<!DOCTYPE log SYSTEM "logger.dtd">
<log>
<record>
  <date>2020-06-05T08:46:53</date>
  <millis>1591318013418</millis>
  <sequence>0</sequence>
  <level>START</level>
  <class>com.kms.katalon.core.logging.XmlKeywordLogger</class>
  <method>startSuite</method>
  <thread>1</thread>
  <message>Start Test Suite : Test Suites/PFI Precision and Scale Automated Regression Suite/PFI/Page Section</message>
  <nestedLevel>0</nestedLevel>
  <property name="name">Page Section</property>
  <property name="description"></property>
  <property name="id">Test Suites/PFI Precision and Scale Automated Regression Suite/PFI/Page Section</property>
</record>
<record>
  <date>2020-06-05T08:46:53</date>
  <millis>1591318013429</millis>
  <sequence>1</sequence>
  <level>RUN_DATA</level>
  <class>com.kms.katalon.core.logging.XmlKeywordLogger</class>
  <method>logMessage</method>
  <thread>1</thread>
  <message>hostName = 19023-RAC - 192.168.16.39</message>
  <nestedLevel>0</nestedLevel>
  <property name="hostName">19023-RAC - 192.168.16.39</property>
</record>
<record>
  <date>2020-06-05T08:46:53</date>
  <millis>1591318013430</millis>
  <sequence>2</sequence>
  <level>RUN_DATA</level>
  <class>com.kms.katalon.core.logging.XmlKeywordLogger</class>
  <method>logMessage</method>
  <thread>1</thread>
  <message>os = Windows 10 64bit</message>
  <nestedLevel>0</nestedLevel>
  <property name="os">Windows 10 64bit</property>
</record>
<record>
  <date>2020-06-05T08:46:53</date>
  <millis>1591318013430</millis>
  <sequence>3</sequence>
  <level>RUN_DATA</level>
  <class>com.kms.katalon.core.logging.XmlKeywordLogger</class>
  <method>logMessage</method>
  <thread>1</thread>
  <message>hostAddress = 192.168.16.39</message>
  <nestedLevel>0</nestedLevel>
  <property name="hostAddress">192.168.16.39</property>
</record>
<record>
  <date>2020-06-05T08:46:53</date>
  <millis>1591318013431</millis>
  <sequence>4</sequence>
  <level>RUN_DATA</level>
  <class>com.kms.katalon.core.logging.XmlKeywordLogger</class>
  <method>logMessage</method>
  <thread>1</thread>
  <message>katalonVersion = 7.2.1.1</message>
  <nestedLevel>0</nestedLevel>
  <property name="katalonVersion">7.2.1.1</property>
</record>
<record>
  <date>2020-06-05T08:46:53</date>
  <millis>1591318013583</millis>
  <sequence>5</sequence>
  <level>START</level>
  <class>com.kms.katalon.core.logging.XmlKeywordLogger</class>
  <method>startTest</method>
  <thread>1</thread>
  <message>Start Test Case : Test Cases/PFI Precision and Scale/PFI Test Cases/Process Case (PFI)/PFI.EOTRequestLHS</message>
  <nestedLevel>1</nestedLevel>
  <property name="name">Test Cases/PFI Precision and Scale/PFI Test Cases/Process Case (PFI)/PFI.EOTRequestLHS</property>
  <property name="description"></property>
  <property name="id">Test Cases/PFI Precision and Scale/PFI Test Cases/Process Case (PFI)/PFI.EOTRequestLHS</property>
  <property name="source">C:\\Users\\19023-RAC\\Desktop\\New Automation Copy\\Test Cases\\PFI Precision and Scale\\PFI Test Cases\\Process Case (PFI)\\PFI.EOTRequestLHS.tc</property>
  <property name="tag"></property>
  <property name="isOptional">false</property>
</record>
<record>
  <date>2020-06-05T08:46:54</date>
  <millis>1591318014035</millis>
  <sequence>7</sequence>
  <level>START</level>
  <class>com.kms.katalon.core.logging.XmlKeywordLogger</class>
  <method>startKeyword</method>
  <thread>1</thread>
  <message>Start action : callTestCase(findTestCase(\&amp;quot;Components/LoginV2.0\&amp;quot;), [\&amp;quot;LinkToBeUsed\&amp;quot;:findTestData(\&amp;quot;Datatable\&amp;quot;).getValue(\&amp;quot;URL\&amp;quot;, 1), \&amp;quot;LoginPageTextToBeVerified\&amp;quot;:findTestData(\&amp;quot;Datatable\&amp;quot;).getValue(\&amp;quot;HomeBanner\&amp;quot;, 1), ... ], STOP_ON_FAILURE)</message>
  <nestedLevel>1</nestedLevel>
  <property name="startLine">25</property>
  <property name="stepIndex">1</property>
  <property name="description">Login in ISPS2</property>
</record>
<record>
  <date>2020-06-05T08:46:54</date>
  <millis>1591318014176</millis>
  <sequence>22</sequence>
  <level>START</level>
  <class>com.kms.katalon.core.logging.XmlKeywordLogger</class>
  <method>startTest</method>
  <thread>1</thread>
  <message>Start Test Case : Test Cases/Components/LoginV2.0</message>
  <nestedLevel>2</nestedLevel>
  <property name="name">Test Cases/Components/LoginV2.0</property>
  <property name="description"></property>
  <property name="id">Test Cases/Components/LoginV2.0</property>
  <property name="source">C:\\Users\\19023-RAC\\Desktop\\New Automation Copy\\Test Cases\\Components\\LoginV2.0.tc</property>
  <property name="tag"></property>
  <property name="isOptional">false</property>
</record>
<record>
  <date>2020-06-05T08:46:54</date>
  <millis>1591318014185</millis>
  <sequence>24</sequence>
  <level>INFO</level>
  <class>com.kms.katalon.core.logging.XmlKeywordLogger</class>
  <method>logMessage</method>
  <thread>1</thread>
  <message>LinkToBeUsed = http://10.0.2.41:3012/isps2-prod-verify/authnz/login.do</message>
  <nestedLevel>2</nestedLevel>
</record>
<record>
  <date>2020-06-05T08:46:54</date>
  <millis>1591318014186</millis>
  <sequence>25</sequence>
  <level>INFO</level>
  <class>com.kms.katalon.core.logging.XmlKeywordLogger</class>
  <method>logMessage</method>
  <thread>1</thread>
  <message>LoginPageTextToBeVerified = Sign in to ISPS2-PROD-Verify</message>
  <nestedLevel>2</nestedLevel>
</record>
<record>
  <date>2020-06-05T08:46:54</date>
  <millis>1591318014187</millis>
  <sequence>26</sequence>
  <level>INFO</level>
  <class>com.kms.katalon.core.logging.XmlKeywordLogger</class>
  <method>logMessage</method>
  <thread>1</thread>
  <message>Username = sysadmin</message>
  <nestedLevel>2</nestedLevel>
</record>
<record>
  <date>2020-06-05T08:46:54</date>
  <millis>1591318014187</millis>
  <sequence>27</sequence>
  <level>INFO</level>
  <class>com.kms.katalon.core.logging.XmlKeywordLogger</class>
  <method>logMessage</method>
  <thread>1</thread>
  <message>Password = 8SQVv/p9jVScEs4/2CZsLw==</message>
  <nestedLevel>2</nestedLevel>
</record>
<record>
  <date>2020-06-05T08:46:54</date>
  <millis>1591318014468</millis>
  <sequence>28</sequence>
  <level>START</level>
  <class>com.kms.katalon.core.logging.XmlKeywordLogger</class>
  <method>startKeyword</method>
  <thread>1</thread>
  <message>Start action : openBrowser(LinkToBeUsed)</message>
  <nestedLevel>1</nestedLevel>
  <property name="startLine">23</property>
  <property name="stepIndex">1</property>
  <property name="description">Open desired browser and navigate to the provided URL.</property>
</record>
<record>
  <date>2020-06-05T08:46:54</date>
  <millis>1591318014660</millis>
  <sequence>30</sequence>
  <level>INFO</level>
  <class>com.kms.katalon.core.logging.XmlKeywordLogger</class>
  <method>logMessage</method>
  <thread>1</thread>
  <message>Starting &amp;apos;Edge&amp;apos; driver</message>
  <nestedLevel>2</nestedLevel>
</record>
<record>
  <date>2020-06-05T08:47:01</date>
  <millis>1591318021695</millis>
  <sequence>32</sequence>
  <level>INFO</level>
  <class>com.kms.katalon.core.logging.XmlKeywordLogger</class>
  <method>logMessage</method>
  <thread>1</thread>
  <message>Action delay is set to 0 seconds</message>
  <nestedLevel>2</nestedLevel>
</record>
<record>
  <date>2020-06-05T08:47:12</date>
  <millis>1591318032282</millis>
  <sequence>34</sequence>
  <level>RUN_DATA</level>
  <class>com.kms.katalon.core.logging.XmlKeywordLogger</class>
  <method>logMessage</method>
  <thread>1</thread>
  <message>sessionId = ebfecd615ef7ba9502259c36aa7d9597</message>
  <nestedLevel>2</nestedLevel>
  <property name="sessionId">ebfecd615ef7ba9502259c36aa7d9597</property>
</record>
<record>
  <date>2020-06-05T08:47:12</date>
  <millis>1591318032320</millis>
  <sequence>35</sequence>
  <level>RUN_DATA</level>
  <class>com.kms.katalon.core.logging.XmlKeywordLogger</class>
  <method>logMessage</method>
  <thread>1</thread>
  <message>browser = Chrome 83.0.4103.61</message>
  <nestedLevel>2</nestedLevel>
  <property name="browser">Chrome 83.0.4103.61</property>
</record>
<record>
  <date>2020-06-05T08:47:12</date>
  <millis>1591318032321</millis>
  <sequence>36</sequence>
  <level>RUN_DATA</level>
  <class>com.kms.katalon.core.logging.XmlKeywordLogger</class>
  <method>logMessage</method>
  <thread>1</thread>
  <message>platform = Windows 10</message>
  <nestedLevel>2</nestedLevel>
  <property name="platform">Windows 10</property>
</record>
<record>
  <date>2020-06-05T08:47:12</date>
  <millis>1591318032321</millis>
  <sequence>37</sequence>
  <level>RUN_DATA</level>
  <class>com.kms.katalon.core.logging.XmlKeywordLogger</class>
  <method>logMessage</method>
  <thread>1</thread>
  <message>seleniumVersion = 3.141.59</message>
  <nestedLevel>2</nestedLevel>
  <property name="seleniumVersion">3.141.59</property>
</record>
<record>
  <date>2020-06-05T08:47:12</date>
  <millis>1591318032362</millis>
  <sequence>38</sequence>
  <level>RUN_DATA</level>
  <class>com.kms.katalon.core.logging.XmlKeywordLogger</class>
  <method>logMessage</method>
  <thread>1</thread>
  <message>proxyInformation = ProxyInformation{proxyOption=NO_PROXY, proxyServerType=HTTP, password=, proxyServerAddress=, proxyServerPort=0, executionList=}</message>
  <nestedLevel>2</nestedLevel>
  <property name="proxyInformation">ProxyInformation{proxyOption=NO_PROXY, proxyServerType=HTTP, password=, proxyServerAddress=, proxyServerPort=0, executionList=}</property>
</record>
</log>