<?xml version="1.0" encoding="UTF-8" standalone="no"?>
<!DOCTYPE log SYSTEM "logger.dtd">
<log>
<record>
  <date>2020-02-17T17:00:35</date>
  <millis>1581930035837</millis>
  <sequence>0</sequence>
  <level>START</level>
  <class>com.kms.katalon.core.logging.XmlKeywordLogger</class>
  <method>startSuite</method>
  <thread>1</thread>
  <message>Start Test Suite : Test Suites/Jira Automated Regression Suite (JARS)</message>
  <nestedLevel>0</nestedLevel>
  <property name="name">Jira Automated Regression Suite (JARS)</property>
  <property name="description"></property>
  <property name="id">Test Suites/Jira Automated Regression Suite (JARS)</property>
</record>
<record>
  <date>2020-02-17T17:00:35</date>
  <millis>1581930035863</millis>
  <sequence>1</sequence>
  <level>RUN_DATA</level>
  <class>com.kms.katalon.core.logging.XmlKeywordLogger</class>
  <method>logMessage</method>
  <thread>1</thread>
  <message>hostName = 19018 - FSNC - NSNB-118.NOVASOLUTIONSPH</message>
  <nestedLevel>0</nestedLevel>
  <property name="hostName">19018 - FSNC - NSNB-118.NOVASOLUTIONSPH</property>
</record>
<record>
  <date>2020-02-17T17:00:35</date>
  <millis>1581930035865</millis>
  <sequence>2</sequence>
  <level>RUN_DATA</level>
  <class>com.kms.katalon.core.logging.XmlKeywordLogger</class>
  <method>logMessage</method>
  <thread>1</thread>
  <message>os = Windows 10 64bit</message>
  <nestedLevel>0</nestedLevel>
  <property name="os">Windows 10 64bit</property>
</record>
<record>
  <date>2020-02-17T17:00:35</date>
  <millis>1581930035865</millis>
  <sequence>3</sequence>
  <level>RUN_DATA</level>
  <class>com.kms.katalon.core.logging.XmlKeywordLogger</class>
  <method>logMessage</method>
  <thread>1</thread>
  <message>hostAddress = 10.0.1.122</message>
  <nestedLevel>0</nestedLevel>
  <property name="hostAddress">10.0.1.122</property>
</record>
<record>
  <date>2020-02-17T17:00:35</date>
  <millis>1581930035865</millis>
  <sequence>4</sequence>
  <level>RUN_DATA</level>
  <class>com.kms.katalon.core.logging.XmlKeywordLogger</class>
  <method>logMessage</method>
  <thread>1</thread>
  <message>katalonVersion = 6.2.1.2</message>
  <nestedLevel>0</nestedLevel>
  <property name="katalonVersion">6.2.1.2</property>
</record>
<record>
  <date>2020-02-17T17:00:36</date>
  <millis>1581930036443</millis>
  <sequence>5</sequence>
  <level>START</level>
  <class>com.kms.katalon.core.logging.XmlKeywordLogger</class>
  <method>startTest</method>
  <thread>1</thread>
  <message>Start Test Case : Test Cases/Jira/BE/Utilities/BCAISPS-14745/BCAISPS-14745.TCID001</message>
  <nestedLevel>1</nestedLevel>
  <property name="name">Test Cases/Jira/BE/Utilities/BCAISPS-14745/BCAISPS-14745.TCID001</property>
  <property name="description"></property>
  <property name="id">Test Cases/Jira/BE/Utilities/BCAISPS-14745/BCAISPS-14745.TCID001</property>
  <property name="source">C:\\Users\\19033-JWVP\\Desktop\\ISPS Automation (Latest)\\Test Cases\\Jira\\BE\\Utilities\\BCAISPS-14745\\BCAISPS-14745.TCID001.tc</property>
  <property name="tag"></property>
  <property name="isOptional">false</property>
</record>
<record>
  <date>2020-02-17T17:00:37</date>
  <millis>1581930037164</millis>
  <sequence>7</sequence>
  <level>START</level>
  <class>com.kms.katalon.core.logging.XmlKeywordLogger</class>
  <method>startKeyword</method>
  <thread>1</thread>
  <message>Start action : callTestCase(findTestCase(\&amp;quot;Components/Login\&amp;quot;), [\&amp;quot;Username\&amp;quot;:findTestData(\&amp;quot;Datatable\&amp;quot;).getValue(\&amp;quot;Username\&amp;quot;, 1), \&amp;quot;Password\&amp;quot;:findTestData(\&amp;quot;Datatable\&amp;quot;).getValue(\&amp;quot;Password\&amp;quot;, 1)], STOP_ON_FAILURE)</message>
  <nestedLevel>1</nestedLevel>
  <property name="startLine">17</property>
  <property name="stepIndex">1</property>
  <property name="description">Log in.\r\n</property>
</record>
<record>
  <date>2020-02-17T17:00:37</date>
  <millis>1581930037575</millis>
  <sequence>16</sequence>
  <level>START</level>
  <class>com.kms.katalon.core.logging.XmlKeywordLogger</class>
  <method>startTest</method>
  <thread>1</thread>
  <message>Start Test Case : Test Cases/Components/Login</message>
  <nestedLevel>2</nestedLevel>
  <property name="name">Test Cases/Components/Login</property>
  <property name="description"></property>
  <property name="id">Test Cases/Components/Login</property>
  <property name="source">C:\\Users\\19033-JWVP\\Desktop\\ISPS Automation (Latest)\\Test Cases\\Components\\Login.tc</property>
  <property name="tag"></property>
  <property name="isOptional">false</property>
</record>
<record>
  <date>2020-02-17T17:00:37</date>
  <millis>1581930037630</millis>
  <sequence>18</sequence>
  <level>INFO</level>
  <class>com.kms.katalon.core.logging.XmlKeywordLogger</class>
  <method>logMessage</method>
  <thread>1</thread>
  <message>Username = sysadmin</message>
  <nestedLevel>2</nestedLevel>
</record>
<record>
  <date>2020-02-17T17:00:37</date>
  <millis>1581930037630</millis>
  <sequence>19</sequence>
  <level>INFO</level>
  <class>com.kms.katalon.core.logging.XmlKeywordLogger</class>
  <method>logMessage</method>
  <thread>1</thread>
  <message>Password = 8SQVv/p9jVScEs4/2CZsLw==</message>
  <nestedLevel>2</nestedLevel>
</record>
<record>
  <date>2020-02-17T17:00:38</date>
  <millis>1581930038177</millis>
  <sequence>20</sequence>
  <level>START</level>
  <class>com.kms.katalon.core.logging.XmlKeywordLogger</class>
  <method>startKeyword</method>
  <thread>1</thread>
  <message>Start action : openBrowser(findTestData(\&amp;quot;Datatable\&amp;quot;).getValue(\&amp;quot;URL\&amp;quot;, 1))</message>
  <nestedLevel>1</nestedLevel>
  <property name="startLine">31</property>
  <property name="stepIndex">1</property>
  <property name="description">Open desired browser and navigate to the provided URL.</property>
</record>
<record>
  <date>2020-02-17T17:00:38</date>
  <millis>1581930038546</millis>
  <sequence>25</sequence>
  <level>INFO</level>
  <class>com.kms.katalon.core.logging.XmlKeywordLogger</class>
  <method>logMessage</method>
  <thread>1</thread>
  <message>Starting &amp;apos;Chrome&amp;apos; driver</message>
  <nestedLevel>2</nestedLevel>
</record>
<record>
  <date>2020-02-17T17:00:38</date>
  <millis>1581930038651</millis>
  <sequence>27</sequence>
  <level>INFO</level>
  <class>com.kms.katalon.core.logging.XmlKeywordLogger</class>
  <method>logMessage</method>
  <thread>1</thread>
  <message>Action delay is set to 0 seconds</message>
  <nestedLevel>2</nestedLevel>
</record>
