<?xml version="1.0" encoding="UTF-8" standalone="no"?>
<!DOCTYPE log SYSTEM "logger.dtd">
<log>
<record>
  <date>2020-02-11T16:45:13</date>
  <millis>1581410713782</millis>
  <sequence>0</sequence>
  <level>START</level>
  <class>com.kms.katalon.core.logging.XmlKeywordLogger</class>
  <method>startSuite</method>
  <thread>1</thread>
  <message>Start Test Suite : Test Suites/Functional Automated Regression Suite (FARS)</message>
  <nestedLevel>0</nestedLevel>
  <property name="name">Functional Automated Regression Suite (FARS)</property>
  <property name="description"></property>
  <property name="id">Test Suites/Functional Automated Regression Suite (FARS)</property>
</record>
<record>
  <date>2020-02-11T16:45:13</date>
  <millis>1581410713801</millis>
  <sequence>1</sequence>
  <level>RUN_DATA</level>
  <class>com.kms.katalon.core.logging.XmlKeywordLogger</class>
  <method>logMessage</method>
  <thread>1</thread>
  <message>hostName = Intern - NSNB-004.NOVASOLUTIONSPH</message>
  <nestedLevel>0</nestedLevel>
  <property name="hostName">Intern - NSNB-004.NOVASOLUTIONSPH</property>
</record>
<record>
  <date>2020-02-11T16:45:13</date>
  <millis>1581410713801</millis>
  <sequence>2</sequence>
  <level>RUN_DATA</level>
  <class>com.kms.katalon.core.logging.XmlKeywordLogger</class>
  <method>logMessage</method>
  <thread>1</thread>
  <message>os = Windows 10 64bit</message>
  <nestedLevel>0</nestedLevel>
  <property name="os">Windows 10 64bit</property>
</record>
<record>
  <date>2020-02-11T16:45:13</date>
  <millis>1581410713803</millis>
  <sequence>3</sequence>
  <level>RUN_DATA</level>
  <class>com.kms.katalon.core.logging.XmlKeywordLogger</class>
  <method>logMessage</method>
  <thread>1</thread>
  <message>hostAddress = 10.0.0.186</message>
  <nestedLevel>0</nestedLevel>
  <property name="hostAddress">10.0.0.186</property>
</record>
<record>
  <date>2020-02-11T16:45:13</date>
  <millis>1581410713811</millis>
  <sequence>4</sequence>
  <level>RUN_DATA</level>
  <class>com.kms.katalon.core.logging.XmlKeywordLogger</class>
  <method>logMessage</method>
  <thread>1</thread>
  <message>katalonVersion = 6.2.1.2</message>
  <nestedLevel>0</nestedLevel>
  <property name="katalonVersion">6.2.1.2</property>
</record>
<record>
  <date>2020-02-11T16:45:14</date>
  <millis>1581410714398</millis>
  <sequence>5</sequence>
  <level>START</level>
  <class>com.kms.katalon.core.logging.XmlKeywordLogger</class>
  <method>startTest</method>
  <thread>1</thread>
  <message>Start Test Case : Test Cases/Regression/EME/Plan/Escalator/FARS.EME.Plan.Address</message>
  <nestedLevel>1</nestedLevel>
  <property name="name">Test Cases/Regression/EME/Plan/Escalator/FARS.EME.Plan.Address</property>
  <property name="description"></property>
  <property name="id">Test Cases/Regression/EME/Plan/Escalator/FARS.EME.Plan.Address</property>
  <property name="source">C:\\Users\\Intern\\Desktop\\n\\Test Cases\\Regression\\EME\\Plan\\Escalator\\FARS.EME.Plan.Address.tc</property>
  <property name="tag"></property>
  <property name="isOptional">false</property>
</record>
<record>
  <date>2020-02-11T16:45:15</date>
  <millis>1581410715119</millis>
  <sequence>7</sequence>
  <level>START</level>
  <class>com.kms.katalon.core.logging.XmlKeywordLogger</class>
  <method>startKeyword</method>
  <thread>1</thread>
  <message>Start action : callTestCase(findTestCase(\&amp;quot;Components/Login\&amp;quot;), [\&amp;quot;Username\&amp;quot;:findTestData(\&amp;quot;Datatable\&amp;quot;).getValue(\&amp;quot;Username\&amp;quot;, 16), \&amp;quot;Password\&amp;quot;:findTestData(\&amp;quot;Datatable\&amp;quot;).getValue(\&amp;quot;Password\&amp;quot;, 15)], STOP_ON_FAILURE)</message>
  <nestedLevel>1</nestedLevel>
  <property name="startLine">19</property>
  <property name="stepIndex">1</property>
  <property name="description">Login.</property>
</record>
<record>
  <date>2020-02-11T16:45:15</date>
  <millis>1581410715356</millis>
  <sequence>16</sequence>
  <level>START</level>
  <class>com.kms.katalon.core.logging.XmlKeywordLogger</class>
  <method>startTest</method>
  <thread>1</thread>
  <message>Start Test Case : Test Cases/Components/Login</message>
  <nestedLevel>2</nestedLevel>
  <property name="name">Test Cases/Components/Login</property>
  <property name="description"></property>
  <property name="id">Test Cases/Components/Login</property>
  <property name="source">C:\\Users\\Intern\\Desktop\\n\\Test Cases\\Components\\Login.tc</property>
  <property name="tag"></property>
  <property name="isOptional">false</property>
</record>
<record>
  <date>2020-02-11T16:45:15</date>
  <millis>1581410715398</millis>
  <sequence>18</sequence>
  <level>INFO</level>
  <class>com.kms.katalon.core.logging.XmlKeywordLogger</class>
  <method>logMessage</method>
  <thread>1</thread>
  <message>Username = michelle</message>
  <nestedLevel>2</nestedLevel>
</record>
<record>
  <date>2020-02-11T16:45:15</date>
  <millis>1581410715399</millis>
  <sequence>19</sequence>
  <level>INFO</level>
  <class>com.kms.katalon.core.logging.XmlKeywordLogger</class>
  <method>logMessage</method>
  <thread>1</thread>
  <message>Password = 8SQVv/p9jVScEs4/2CZsLw==</message>
  <nestedLevel>2</nestedLevel>
</record>
<record>
  <date>2020-02-11T16:45:15</date>
  <millis>1581410715738</millis>
  <sequence>20</sequence>
  <level>START</level>
  <class>com.kms.katalon.core.logging.XmlKeywordLogger</class>
  <method>startKeyword</method>
  <thread>1</thread>
  <message>Start action : openBrowser(findTestData(\&amp;quot;Datatable\&amp;quot;).getValue(\&amp;quot;URL\&amp;quot;, 1))</message>
  <nestedLevel>1</nestedLevel>
  <property name="startLine">31</property>
  <property name="stepIndex">1</property>
  <property name="description">Open desired browser and navigate to the provided URL.</property>
</record>
<record>
  <date>2020-02-11T16:45:16</date>
  <millis>1581410716144</millis>
  <sequence>25</sequence>
  <level>INFO</level>
  <class>com.kms.katalon.core.logging.XmlKeywordLogger</class>
  <method>logMessage</method>
  <thread>1</thread>
  <message>Starting &amp;apos;Chrome&amp;apos; driver</message>
  <nestedLevel>2</nestedLevel>
</record>
<record>
  <date>2020-02-11T16:45:16</date>
  <millis>1581410716266</millis>
  <sequence>27</sequence>
  <level>INFO</level>
  <class>com.kms.katalon.core.logging.XmlKeywordLogger</class>
  <method>logMessage</method>
  <thread>1</thread>
  <message>Action delay is set to 0 seconds</message>
  <nestedLevel>2</nestedLevel>
</record>
<record>
  <date>2020-02-11T16:45:30</date>
  <millis>1581410730253</millis>
  <sequence>29</sequence>
  <level>RUN_DATA</level>
  <class>com.kms.katalon.core.logging.XmlKeywordLogger</class>
  <method>logMessage</method>
  <thread>1</thread>
  <message>sessionId = 0a0033b71e49126b61400f45362d8770</message>
  <nestedLevel>2</nestedLevel>
  <property name="sessionId">0a0033b71e49126b61400f45362d8770</property>
</record>
<record>
  <date>2020-02-11T16:45:30</date>
  <millis>1581410730729</millis>
  <sequence>30</sequence>
  <level>RUN_DATA</level>
  <class>com.kms.katalon.core.logging.XmlKeywordLogger</class>
  <method>logMessage</method>
  <thread>1</thread>
  <message>browser = Chrome 79.0.3945.130</message>
  <nestedLevel>2</nestedLevel>
  <property name="browser">Chrome 79.0.3945.130</property>
</record>
<record>
  <date>2020-02-11T16:45:30</date>
  <millis>1581410730730</millis>
  <sequence>31</sequence>
  <level>RUN_DATA</level>
  <class>com.kms.katalon.core.logging.XmlKeywordLogger</class>
  <method>logMessage</method>
  <thread>1</thread>
  <message>platform = Windows 10</message>
  <nestedLevel>2</nestedLevel>
  <property name="platform">Windows 10</property>
</record>
<record>
  <date>2020-02-11T16:45:30</date>
  <millis>1581410730731</millis>
  <sequence>32</sequence>
  <level>RUN_DATA</level>
  <class>com.kms.katalon.core.logging.XmlKeywordLogger</class>
  <method>logMessage</method>
  <thread>1</thread>
  <message>seleniumVersion = 3.141.59</message>
  <nestedLevel>2</nestedLevel>
  <property name="seleniumVersion">3.141.59</property>
</record>
<record>
  <date>2020-02-11T16:45:30</date>
  <millis>1581410730733</millis>
  <sequence>33</sequence>
  <level>RUN_DATA</level>
  <class>com.kms.katalon.core.logging.XmlKeywordLogger</class>
  <method>logMessage</method>
  <thread>1</thread>
  <message>proxyInformation = ProxyInformation{proxyOption=NO_PROXY, proxyServerType=HTTP, password=, proxyServerAddress=, proxyServerPort=0}</message>
  <nestedLevel>2</nestedLevel>
  <property name="proxyInformation">ProxyInformation{proxyOption=NO_PROXY, proxyServerType=HTTP, password=, proxyServerAddress=, proxyServerPort=0}</property>
</record>
<record>
  <date>2020-02-11T16:45:34</date>
  <millis>1581410734155</millis>
  <sequence>35</sequence>
  <level>PASSED</level>
  <class>com.kms.katalon.core.logging.XmlKeywordLogger</class>
  <method>logMessage</method>
  <thread>1</thread>
  <message>Browser is opened with url: &amp;apos;http://java03:3012/isps2-prod-verify/authnz/login.do&amp;apos;</message>
  <nestedLevel>2</nestedLevel>
</record>
<record>
  <date>2020-02-11T16:45:34</date>
  <millis>1581410734156</millis>
  <sequence>36</sequence>
  <level>END</level>
  <class>com.kms.katalon.core.logging.XmlKeywordLogger</class>
  <method>endKeyword</method>
  <thread>1</thread>
  <message>End action : openBrowser(findTestData(\&amp;quot;Datatable\&amp;quot;).getValue(\&amp;quot;URL\&amp;quot;, 1))</message>
  <nestedLevel>1</nestedLevel>
</record>
<record>
  <date>2020-02-11T16:45:34</date>
  <millis>1581410734157</millis>
  <sequence>37</sequence>
  <level>START</level>
  <class>com.kms.katalon.core.logging.XmlKeywordLogger</class>
  <method>startKeyword</method>
  <thread>1</thread>
  <message>Start action : maximizeWindow()</message>
  <nestedLevel>1</nestedLevel>
  <property name="startLine">33</property>
  <property name="stepIndex">2</property>
</record>
<record>
  <date>2020-02-11T16:45:35</date>
  <millis>1581410735595</millis>
  <sequence>39</sequence>
  <level>PASSED</level>
  <class>com.kms.katalon.core.logging.XmlKeywordLogger</class>
  <method>logMessage</method>
  <thread>1</thread>
  <message>Current window maximized</message>
  <nestedLevel>2</nestedLevel>
</record>
<record>
  <date>2020-02-11T16:45:35</date>
  <millis>1581410735596</millis>
  <sequence>40</sequence>
  <level>END</level>
  <class>com.kms.katalon.core.logging.XmlKeywordLogger</class>
  <method>endKeyword</method>
  <thread>1</thread>
  <message>End action : maximizeWindow()</message>
  <nestedLevel>1</nestedLevel>
</record>
<record>
  <date>2020-02-11T16:45:35</date>
  <millis>1581410735596</millis>
  <sequence>41</sequence>
  <level>START</level>
  <class>com.kms.katalon.core.logging.XmlKeywordLogger</class>
  <method>startKeyword</method>
  <thread>1</thread>
  <message>Start action : verifyTextPresent(\&amp;quot;Sign in to ISPS2-PROD-Verify\&amp;quot;, false)</message>
  <nestedLevel>1</nestedLevel>
  <property name="startLine">37</property>
  <property name="stepIndex">3</property>
  <property name="description">Verify \&quot;Sign in to ISPS2-PROD-Verify\&quot; text is present to confirm that the user is in ISPS login page.</property>
</record>
<record>
  <date>2020-02-11T16:45:35</date>
  <millis>1581410735854</millis>
  <sequence>44</sequence>
  <level>PASSED</level>
  <class>com.kms.katalon.core.logging.XmlKeywordLogger</class>
  <method>logMessage</method>
  <thread>1</thread>
  <message>Text &amp;apos;Sign in to ISPS2-PROD-Verify&amp;apos; is present on page </message>
  <nestedLevel>2</nestedLevel>
</record>
<record>
  <date>2020-02-11T16:45:35</date>
  <millis>1581410735855</millis>
  <sequence>45</sequence>
  <level>END</level>
  <class>com.kms.katalon.core.logging.XmlKeywordLogger</class>
  <method>endKeyword</method>
  <thread>1</thread>
  <message>End action : verifyTextPresent(\&amp;quot;Sign in to ISPS2-PROD-Verify\&amp;quot;, false)</message>
  <nestedLevel>1</nestedLevel>
</record>
<record>
  <date>2020-02-11T16:45:35</date>
  <millis>1581410735855</millis>
  <sequence>46</sequence>
  <level>START</level>
  <class>com.kms.katalon.core.logging.XmlKeywordLogger</class>
  <method>startKeyword</method>
  <thread>1</thread>
  <message>Start action : com.reusableComponents.HighlightElement.run(findTestObject(\&amp;quot;Objects.Login/Login Page/div_Sign in to ISPS2-PROD-Verify\&amp;quot;))</message>
  <nestedLevel>1</nestedLevel>
  <property name="startLine">40</property>
  <property name="stepIndex">4</property>
  <property name="description">Once \&quot;Sign in to ISPS2-PROD-Verify\&quot; text was found, automation suite highlights it for visual execution purposes.</property>
</record>
<record>
  <date>2020-02-11T16:45:35</date>
  <millis>1581410735858</millis>
  <sequence>47</sequence>
  <level>NOT_RUN</level>
  <class>com.kms.katalon.core.logging.XmlKeywordLogger</class>
  <method>logMessage</method>
  <thread>1</thread>
  <message>NOT_RUN: com.reusableComponents.HighlightElement.run(findTestObject(\&amp;quot;Objects.Login/Login Page/div_Sign in to ISPS2-PROD-Verify\&amp;quot;))</message>
  <nestedLevel>2</nestedLevel>
</record>
<record>
  <date>2020-02-11T16:45:35</date>
  <millis>1581410735859</millis>
  <sequence>48</sequence>
  <level>END</level>
  <class>com.kms.katalon.core.logging.XmlKeywordLogger</class>
  <method>endKeyword</method>
  <thread>1</thread>
  <message>End action : com.reusableComponents.HighlightElement.run(findTestObject(\&amp;quot;Objects.Login/Login Page/div_Sign in to ISPS2-PROD-Verify\&amp;quot;))</message>
  <nestedLevel>1</nestedLevel>
</record>
<record>
  <date>2020-02-11T16:45:35</date>
  <millis>1581410735860</millis>
  <sequence>49</sequence>
  <level>START</level>
  <class>com.kms.katalon.core.logging.XmlKeywordLogger</class>
  <method>startKeyword</method>
  <thread>1</thread>
  <message>Start action : com.reusableComponents.HighlightElement.run(findTestObject(\&amp;quot;Objects.Login/Login Page/input_Sign in to ISPS2-PROD-Verify_username\&amp;quot;))</message>
  <nestedLevel>1</nestedLevel>
  <property name="startLine">43</property>
  <property name="stepIndex">5</property>
  <property name="description">Highlights the userName field before proceeding to populate. </property>
</record>
<record>
  <date>2020-02-11T16:45:35</date>
  <millis>1581410735864</millis>
  <sequence>50</sequence>
  <level>NOT_RUN</level>
  <class>com.kms.katalon.core.logging.XmlKeywordLogger</class>
  <method>logMessage</method>
  <thread>1</thread>
  <message>NOT_RUN: com.reusableComponents.HighlightElement.run(findTestObject(\&amp;quot;Objects.Login/Login Page/input_Sign in to ISPS2-PROD-Verify_username\&amp;quot;))</message>
  <nestedLevel>2</nestedLevel>
</record>
<record>
  <date>2020-02-11T16:45:35</date>
  <millis>1581410735865</millis>
  <sequence>51</sequence>
  <level>END</level>
  <class>com.kms.katalon.core.logging.XmlKeywordLogger</class>
  <method>endKeyword</method>
  <thread>1</thread>
  <message>End action : com.reusableComponents.HighlightElement.run(findTestObject(\&amp;quot;Objects.Login/Login Page/input_Sign in to ISPS2-PROD-Verify_username\&amp;quot;))</message>
  <nestedLevel>1</nestedLevel>
</record>
<record>
  <date>2020-02-11T16:45:35</date>
  <millis>1581410735865</millis>
  <sequence>52</sequence>
  <level>START</level>
  <class>com.kms.katalon.core.logging.XmlKeywordLogger</class>
  <method>startKeyword</method>
  <thread>1</thread>
  <message>Start action : setText(findTestObject(\&amp;quot;Objects.Login/Login Page/input_Sign in to ISPS2-PROD-Verify_username\&amp;quot;), Username)</message>
  <nestedLevel>1</nestedLevel>
  <property name="startLine">46</property>
  <property name="stepIndex">6</property>
  <property name="description">Populates the userName field with desired value. </property>
</record>
<record>
  <date>2020-02-11T16:45:36</date>
  <millis>1581410736679</millis>
  <sequence>61</sequence>
  <level>PASSED</level>
  <class>com.kms.katalon.core.logging.XmlKeywordLogger</class>
  <method>logMessage</method>
  <thread>1</thread>
  <message>Text &amp;apos;michelle&amp;apos; is set on object &amp;apos;Object Repository/Objects.Login/Login Page/input_Sign in to ISPS2-PROD-Verify_username&amp;apos;</message>
  <nestedLevel>2</nestedLevel>
</record>
<record>
  <date>2020-02-11T16:45:36</date>
  <millis>1581410736680</millis>
  <sequence>62</sequence>
  <level>END</level>
  <class>com.kms.katalon.core.logging.XmlKeywordLogger</class>
  <method>endKeyword</method>
  <thread>1</thread>
  <message>End action : setText(findTestObject(\&amp;quot;Objects.Login/Login Page/input_Sign in to ISPS2-PROD-Verify_username\&amp;quot;), Username)</message>
  <nestedLevel>1</nestedLevel>
</record>
<record>
  <date>2020-02-11T16:45:36</date>
  <millis>1581410736680</millis>
  <sequence>63</sequence>
  <level>START</level>
  <class>com.kms.katalon.core.logging.XmlKeywordLogger</class>
  <method>startKeyword</method>
  <thread>1</thread>
  <message>Start action : com.reusableComponents.HighlightElement.run(findTestObject(\&amp;quot;Objects.Login/Login Page/input_This field is required_password\&amp;quot;))</message>
  <nestedLevel>1</nestedLevel>
  <property name="startLine">49</property>
  <property name="stepIndex">7</property>
  <property name="description">Highlights the password field before proceeding to populate. </property>
</record>
<record>
  <date>2020-02-11T16:45:36</date>
  <millis>1581410736682</millis>
  <sequence>64</sequence>
  <level>NOT_RUN</level>
  <class>com.kms.katalon.core.logging.XmlKeywordLogger</class>
  <method>logMessage</method>
  <thread>1</thread>
  <message>NOT_RUN: com.reusableComponents.HighlightElement.run(findTestObject(\&amp;quot;Objects.Login/Login Page/input_This field is required_password\&amp;quot;))</message>
  <nestedLevel>2</nestedLevel>
</record>
<record>
  <date>2020-02-11T16:45:36</date>
  <millis>1581410736683</millis>
  <sequence>65</sequence>
  <level>END</level>
  <class>com.kms.katalon.core.logging.XmlKeywordLogger</class>
  <method>endKeyword</method>
  <thread>1</thread>
  <message>End action : com.reusableComponents.HighlightElement.run(findTestObject(\&amp;quot;Objects.Login/Login Page/input_This field is required_password\&amp;quot;))</message>
  <nestedLevel>1</nestedLevel>
</record>
<record>
  <date>2020-02-11T16:45:36</date>
  <millis>1581410736684</millis>
  <sequence>66</sequence>
  <level>START</level>
  <class>com.kms.katalon.core.logging.XmlKeywordLogger</class>
  <method>startKeyword</method>
  <thread>1</thread>
  <message>Start action : setEncryptedText(findTestObject(\&amp;quot;Objects.Login/Login Page/input_This field is required_password\&amp;quot;), Password)</message>
  <nestedLevel>1</nestedLevel>
  <property name="startLine">52</property>
  <property name="stepIndex">8</property>
  <property name="description">Decrypts the encrypted value of password before populating the field. </property>
</record>
<record>
  <date>2020-02-11T16:45:37</date>
  <millis>1581410737617</millis>
  <sequence>75</sequence>
  <level>PASSED</level>
  <class>com.kms.katalon.core.logging.XmlKeywordLogger</class>
  <method>logMessage</method>
  <thread>1</thread>
  <message>Text ****** has been set on object &amp;apos;Object Repository/Objects.Login/Login Page/input_This field is required_password&amp;apos;</message>
  <nestedLevel>2</nestedLevel>
</record>
<record>
  <date>2020-02-11T16:45:37</date>
  <millis>1581410737618</millis>
  <sequence>76</sequence>
  <level>END</level>
  <class>com.kms.katalon.core.logging.XmlKeywordLogger</class>
  <method>endKeyword</method>
  <thread>1</thread>
  <message>End action : setEncryptedText(findTestObject(\&amp;quot;Objects.Login/Login Page/input_This field is required_password\&amp;quot;), Password)</message>
  <nestedLevel>1</nestedLevel>
</record>
<record>
  <date>2020-02-11T16:45:37</date>
  <millis>1581410737618</millis>
  <sequence>77</sequence>
  <level>START</level>
  <class>com.kms.katalon.core.logging.XmlKeywordLogger</class>
  <method>startKeyword</method>
  <thread>1</thread>
  <message>Start action : com.reusableComponents.HighlightElement.run(findTestObject(\&amp;quot;Objects.Login/Login Page/div_Sign in to ISPS2-PROD-Verify_NovaGoButton-1021\&amp;quot;))</message>
  <nestedLevel>1</nestedLevel>
  <property name="startLine">54</property>
  <property name="stepIndex">9</property>
</record>
<record>
  <date>2020-02-11T16:45:37</date>
  <millis>1581410737619</millis>
  <sequence>78</sequence>
  <level>NOT_RUN</level>
  <class>com.kms.katalon.core.logging.XmlKeywordLogger</class>
  <method>logMessage</method>
  <thread>1</thread>
  <message>NOT_RUN: com.reusableComponents.HighlightElement.run(findTestObject(\&amp;quot;Objects.Login/Login Page/div_Sign in to ISPS2-PROD-Verify_NovaGoButton-1021\&amp;quot;))</message>
  <nestedLevel>2</nestedLevel>
</record>
<record>
  <date>2020-02-11T16:45:37</date>
  <millis>1581410737620</millis>
  <sequence>79</sequence>
  <level>END</level>
  <class>com.kms.katalon.core.logging.XmlKeywordLogger</class>
  <method>endKeyword</method>
  <thread>1</thread>
  <message>End action : com.reusableComponents.HighlightElement.run(findTestObject(\&amp;quot;Objects.Login/Login Page/div_Sign in to ISPS2-PROD-Verify_NovaGoButton-1021\&amp;quot;))</message>
  <nestedLevel>1</nestedLevel>
</record>
<record>
  <date>2020-02-11T16:45:37</date>
  <millis>1581410737620</millis>
  <sequence>80</sequence>
  <level>START</level>
  <class>com.kms.katalon.core.logging.XmlKeywordLogger</class>
  <method>startKeyword</method>
  <thread>1</thread>
  <message>Start action : click(findTestObject(\&amp;quot;Objects.Login/Login Page/div_Sign in to ISPS2-PROD-Verify_NovaGoButton-1021\&amp;quot;), OPTIONAL)</message>
  <nestedLevel>1</nestedLevel>
  <property name="startLine">67</property>
  <property name="stepIndex">10</property>
  <property name="description">Click login button.</property>
</record>
<record>
  <date>2020-02-11T16:45:38</date>
  <millis>1581410738286</millis>
  <sequence>87</sequence>
  <level>PASSED</level>
  <class>com.kms.katalon.core.logging.XmlKeywordLogger</class>
  <method>logMessage</method>
  <thread>1</thread>
  <message>Object: &amp;apos;Object Repository/Objects.Login/Login Page/div_Sign in to ISPS2-PROD-Verify_NovaGoButton-1021&amp;apos; is clicked on</message>
  <nestedLevel>2</nestedLevel>
</record>
<record>
  <date>2020-02-11T16:45:38</date>
  <millis>1581410738287</millis>
  <sequence>88</sequence>
  <level>END</level>
  <class>com.kms.katalon.core.logging.XmlKeywordLogger</class>
  <method>endKeyword</method>
  <thread>1</thread>
  <message>End action : click(findTestObject(\&amp;quot;Objects.Login/Login Page/div_Sign in to ISPS2-PROD-Verify_NovaGoButton-1021\&amp;quot;), OPTIONAL)</message>
  <nestedLevel>1</nestedLevel>
</record>
<record>
  <date>2020-02-11T16:45:38</date>
  <millis>1581410738288</millis>
  <sequence>89</sequence>
  <level>START</level>
  <class>com.kms.katalon.core.logging.XmlKeywordLogger</class>
  <method>startKeyword</method>
  <thread>1</thread>
  <message>Start action : sendKeys(findTestObject(\&amp;quot;Objects.Login/Login Page/input_This field is required_password\&amp;quot;), Keys.chord(ENTER), OPTIONAL)</message>
  <nestedLevel>1</nestedLevel>
  <property name="startLine">70</property>
  <property name="stepIndex">11</property>
  <property name="description">For cross browser testing purposes: press enter if clicking the login button didn&apos;t work. </property>
</record>
<record>
  <date>2020-02-11T16:45:38</date>
  <millis>1581410738290</millis>
  <sequence>90</sequence>
  <level>NOT_RUN</level>
  <class>com.kms.katalon.core.logging.XmlKeywordLogger</class>
  <method>logMessage</method>
  <thread>1</thread>
  <message>NOT_RUN: sendKeys(findTestObject(\&amp;quot;Objects.Login/Login Page/input_This field is required_password\&amp;quot;), Keys.chord(ENTER), OPTIONAL)</message>
  <nestedLevel>2</nestedLevel>
</record>
<record>
  <date>2020-02-11T16:45:38</date>
  <millis>1581410738291</millis>
  <sequence>91</sequence>
  <level>END</level>
  <class>com.kms.katalon.core.logging.XmlKeywordLogger</class>
  <method>endKeyword</method>
  <thread>1</thread>
  <message>End action : sendKeys(findTestObject(\&amp;quot;Objects.Login/Login Page/input_This field is required_password\&amp;quot;), Keys.chord(ENTER), OPTIONAL)</message>
  <nestedLevel>1</nestedLevel>
</record>
<record>
  <date>2020-02-11T16:45:38</date>
  <millis>1581410738292</millis>
  <sequence>92</sequence>
  <level>START</level>
  <class>com.kms.katalon.core.logging.XmlKeywordLogger</class>
  <method>startKeyword</method>
  <thread>1</thread>
  <message>Start action : waitForPageLoad(30)</message>
  <nestedLevel>1</nestedLevel>
  <property name="startLine">74</property>
  <property name="stepIndex">12</property>
  <property name="description">Wait for page to load completely before continuing to other automated actions.</property>
</record>
<record>
  <date>2020-02-11T16:45:42</date>
  <millis>1581410742207</millis>
  <sequence>94</sequence>
  <level>PASSED</level>
  <class>com.kms.katalon.core.logging.XmlKeywordLogger</class>
  <method>logMessage</method>
  <thread>1</thread>
  <message>Wait for page load successfully</message>
  <nestedLevel>2</nestedLevel>
</record>
<record>
  <date>2020-02-11T16:45:42</date>
  <millis>1581410742208</millis>
  <sequence>95</sequence>
  <level>END</level>
  <class>com.kms.katalon.core.logging.XmlKeywordLogger</class>
  <method>endKeyword</method>
  <thread>1</thread>
  <message>End action : waitForPageLoad(30)</message>
  <nestedLevel>1</nestedLevel>
</record>
<record>
  <date>2020-02-11T16:45:42</date>
  <millis>1581410742208</millis>
  <sequence>96</sequence>
  <level>START</level>
  <class>com.kms.katalon.core.logging.XmlKeywordLogger</class>
  <method>startKeyword</method>
  <thread>1</thread>
  <message>Start action : verifyElementVisible(findTestObject(\&amp;quot;Objects.Login/Dashboard/a_ISPS2-PROD-Verify\&amp;quot;), OPTIONAL)</message>
  <nestedLevel>1</nestedLevel>
  <property name="startLine">77</property>
  <property name="stepIndex">13</property>
  <property name="description">Verify that the user was navigated to the ISPS2 homepage.</property>
</record>
<record>
  <date>2020-02-11T16:45:42</date>
  <millis>1581410742209</millis>
  <sequence>97</sequence>
  <level>NOT_RUN</level>
  <class>com.kms.katalon.core.logging.XmlKeywordLogger</class>
  <method>logMessage</method>
  <thread>1</thread>
  <message>NOT_RUN: verifyElementVisible(findTestObject(\&amp;quot;Objects.Login/Dashboard/a_ISPS2-PROD-Verify\&amp;quot;), OPTIONAL)</message>
  <nestedLevel>2</nestedLevel>
</record>
<record>
  <date>2020-02-11T16:45:42</date>
  <millis>1581410742210</millis>
  <sequence>98</sequence>
  <level>END</level>
  <class>com.kms.katalon.core.logging.XmlKeywordLogger</class>
  <method>endKeyword</method>
  <thread>1</thread>
  <message>End action : verifyElementVisible(findTestObject(\&amp;quot;Objects.Login/Dashboard/a_ISPS2-PROD-Verify\&amp;quot;), OPTIONAL)</message>
  <nestedLevel>1</nestedLevel>
</record>
<record>
  <date>2020-02-11T16:45:42</date>
  <millis>1581410742210</millis>
  <sequence>99</sequence>
  <level>START</level>
  <class>com.kms.katalon.core.logging.XmlKeywordLogger</class>
  <method>startKeyword</method>
  <thread>1</thread>
  <message>Start action : Thread.sleep(3000)</message>
  <nestedLevel>1</nestedLevel>
  <property name="startLine">80</property>
  <property name="stepIndex">14</property>
  <property name="description">Best practice: Wait for 3 seconds after a page navigation component. </property>
</record>
<record>
  <date>2020-02-11T16:45:45</date>
  <millis>1581410745220</millis>
  <sequence>100</sequence>
  <level>END</level>
  <class>com.kms.katalon.core.logging.XmlKeywordLogger</class>
  <method>endKeyword</method>
  <thread>1</thread>
  <message>End action : Thread.sleep(3000)</message>
  <nestedLevel>1</nestedLevel>
</record>
<record>
  <date>2020-02-11T16:45:45</date>
  <millis>1581410745220</millis>
  <sequence>101</sequence>
  <level>PASSED</level>
  <class>com.kms.katalon.core.logging.XmlKeywordLogger</class>
  <method>logMessage</method>
  <thread>1</thread>
  <message>Test Cases/Components/Login</message>
  <nestedLevel>2</nestedLevel>
</record>
<record>
  <date>2020-02-11T16:45:45</date>
  <millis>1581410745220</millis>
  <sequence>102</sequence>
  <level>END</level>
  <class>com.kms.katalon.core.logging.XmlKeywordLogger</class>
  <method>endTest</method>
  <thread>1</thread>
  <message>End Test Case : Test Cases/Components/Login</message>
  <nestedLevel>1</nestedLevel>
</record>
<record>
  <date>2020-02-11T16:45:45</date>
  <millis>1581410745223</millis>
  <sequence>103</sequence>
  <level>PASSED</level>
  <class>com.kms.katalon.core.logging.XmlKeywordLogger</class>
  <method>logMessage</method>
  <thread>1</thread>
  <message>Call Test Case &amp;apos;Test Cases/Components/Login&amp;apos; successfully</message>
  <nestedLevel>1</nestedLevel>
</record>
<record>
  <date>2020-02-11T16:45:45</date>
  <millis>1581410745223</millis>
  <sequence>104</sequence>
  <level>END</level>
  <class>com.kms.katalon.core.logging.XmlKeywordLogger</class>
  <method>endKeyword</method>
  <thread>1</thread>
  <message>End action : callTestCase(findTestCase(\&amp;quot;Components/Login\&amp;quot;), [\&amp;quot;Username\&amp;quot;:findTestData(\&amp;quot;Datatable\&amp;quot;).getValue(\&amp;quot;Username\&amp;quot;, 16), \&amp;quot;Password\&amp;quot;:findTestData(\&amp;quot;Datatable\&amp;quot;).getValue(\&amp;quot;Password\&amp;quot;, 15)], STOP_ON_FAILURE)</message>
  <nestedLevel>1</nestedLevel>
</record>
<record>
  <date>2020-02-11T16:45:45</date>
  <millis>1581410745223</millis>
  <sequence>105</sequence>
  <level>START</level>
  <class>com.kms.katalon.core.logging.XmlKeywordLogger</class>
  <method>startKeyword</method>
  <thread>1</thread>
  <message>Start action : callTestCase(findTestCase(\&amp;quot;Components/NavigateToHomepageHeaders\&amp;quot;), [\&amp;quot;headerText\&amp;quot;:\&amp;quot;My Tasks\&amp;quot;], STOP_ON_FAILURE)</message>
  <nestedLevel>1</nestedLevel>
  <property name="startLine">23</property>
  <property name="stepIndex">2</property>
  <property name="description">Navigate to My Tasks.</property>
</record>
<record>
  <date>2020-02-11T16:45:45</date>
  <millis>1581410745295</millis>
  <sequence>108</sequence>
  <level>START</level>
  <class>com.kms.katalon.core.logging.XmlKeywordLogger</class>
  <method>startTest</method>
  <thread>1</thread>
  <message>Start Test Case : Test Cases/Components/NavigateToHomepageHeaders</message>
  <nestedLevel>2</nestedLevel>
  <property name="name">Test Cases/Components/NavigateToHomepageHeaders</property>
  <property name="description"></property>
  <property name="id">Test Cases/Components/NavigateToHomepageHeaders</property>
  <property name="source">C:\\Users\\Intern\\Desktop\\n\\Test Cases\\Components\\NavigateToHomepageHeaders.tc</property>
  <property name="tag"></property>
  <property name="isOptional">false</property>
</record>
<record>
  <date>2020-02-11T16:45:45</date>
  <millis>1581410745314</millis>
  <sequence>110</sequence>
  <level>INFO</level>
  <class>com.kms.katalon.core.logging.XmlKeywordLogger</class>
  <method>logMessage</method>
  <thread>1</thread>
  <message>headerText = My Tasks</message>
  <nestedLevel>2</nestedLevel>
</record>
<record>
  <date>2020-02-11T16:45:45</date>
  <millis>1581410745551</millis>
  <sequence>111</sequence>
  <level>START</level>
  <class>com.kms.katalon.core.logging.XmlKeywordLogger</class>
  <method>startKeyword</method>
  <thread>1</thread>
  <message>Start action : Thread.sleep(1000)</message>
  <nestedLevel>1</nestedLevel>
  <property name="startLine">17</property>
  <property name="stepIndex">1</property>
  <property name="description">Wait for a second before proceeding to execute further automated scripts. </property>
</record>
<record>
  <date>2020-02-11T16:45:46</date>
  <millis>1581410746552</millis>
  <sequence>112</sequence>
  <level>END</level>
  <class>com.kms.katalon.core.logging.XmlKeywordLogger</class>
  <method>endKeyword</method>
  <thread>1</thread>
  <message>End action : Thread.sleep(1000)</message>
  <nestedLevel>1</nestedLevel>
</record>
<record>
  <date>2020-02-11T16:45:46</date>
  <millis>1581410746552</millis>
  <sequence>113</sequence>
  <level>START</level>
  <class>com.kms.katalon.core.logging.XmlKeywordLogger</class>
  <method>startKeyword</method>
  <thread>1</thread>
  <message>Start action : waitForPageLoad(30)</message>
  <nestedLevel>1</nestedLevel>
  <property name="startLine">20</property>
  <property name="stepIndex">2</property>
  <property name="description">Verify page is loaded before proceeding. </property>
</record>
<record>
  <date>2020-02-11T16:45:46</date>
  <millis>1581410746571</millis>
  <sequence>115</sequence>
  <level>PASSED</level>
  <class>com.kms.katalon.core.logging.XmlKeywordLogger</class>
  <method>logMessage</method>
  <thread>1</thread>
  <message>Wait for page load successfully</message>
  <nestedLevel>2</nestedLevel>
</record>
<record>
  <date>2020-02-11T16:45:46</date>
  <millis>1581410746571</millis>
  <sequence>116</sequence>
  <level>END</level>
  <class>com.kms.katalon.core.logging.XmlKeywordLogger</class>
  <method>endKeyword</method>
  <thread>1</thread>
  <message>End action : waitForPageLoad(30)</message>
  <nestedLevel>1</nestedLevel>
</record>
<record>
  <date>2020-02-11T16:45:46</date>
  <millis>1581410746575</millis>
  <sequence>117</sequence>
  <level>START</level>
  <class>com.kms.katalon.core.logging.XmlKeywordLogger</class>
  <method>startKeyword</method>
  <thread>1</thread>
  <message>Start action : modifiedHeader = modifyObjectProperty(findTestObject(\&amp;quot;Objects.NavigateToHomepageHeaders/Page_ISPS2/div_Header\&amp;quot;), \&amp;quot;text\&amp;quot;, \&amp;quot;equals\&amp;quot;, headerText, true)</message>
  <nestedLevel>1</nestedLevel>
  <property name="startLine">23</property>
  <property name="stepIndex">3</property>
  <property name="description">Modifies the &apos;Text&apos; property of the preferred header to navigate. </property>
</record>
<record>
  <date>2020-02-11T16:45:46</date>
  <millis>1581410746605</millis>
  <sequence>123</sequence>
  <level>PASSED</level>
  <class>com.kms.katalon.core.logging.XmlKeywordLogger</class>
  <method>logMessage</method>
  <thread>1</thread>
  <message>Modify property of object successfully</message>
  <nestedLevel>2</nestedLevel>
</record>
<record>
  <date>2020-02-11T16:45:46</date>
  <millis>1581410746605</millis>
  <sequence>124</sequence>
  <level>END</level>
  <class>com.kms.katalon.core.logging.XmlKeywordLogger</class>
  <method>endKeyword</method>
  <thread>1</thread>
  <message>End action : modifiedHeader = modifyObjectProperty(findTestObject(\&amp;quot;Objects.NavigateToHomepageHeaders/Page_ISPS2/div_Header\&amp;quot;), \&amp;quot;text\&amp;quot;, \&amp;quot;equals\&amp;quot;, headerText, true)</message>
  <nestedLevel>1</nestedLevel>
</record>
<record>
  <date>2020-02-11T16:45:46</date>
  <millis>1581410746605</millis>
  <sequence>125</sequence>
  <level>START</level>
  <class>com.kms.katalon.core.logging.XmlKeywordLogger</class>
  <method>startKeyword</method>
  <thread>1</thread>
  <message>Start action : verifyElementClickable(modifiedHeader)</message>
  <nestedLevel>1</nestedLevel>
  <property name="startLine">27</property>
  <property name="stepIndex">4</property>
  <property name="description">Verify that the modified header is clickable before interacting with it. </property>
</record>
