<?xml version="1.0" encoding="UTF-8" standalone="no"?>
<!DOCTYPE log SYSTEM "logger.dtd">
<log>
<record>
  <date>2020-05-08T11:50:27</date>
  <millis>1588909827724</millis>
  <sequence>0</sequence>
  <level>START</level>
  <class>com.kms.katalon.core.logging.XmlKeywordLogger</class>
  <method>startSuite</method>
  <thread>1</thread>
  <message>Start Test Suite : Test Suites/PFI Precision and Scale Automated Regression Suite/Page Section</message>
  <nestedLevel>0</nestedLevel>
  <property name="name">Page Section</property>
  <property name="description"></property>
  <property name="id">Test Suites/PFI Precision and Scale Automated Regression Suite/Page Section</property>
</record>
<record>
  <date>2020-05-08T11:50:27</date>
  <millis>1588909827820</millis>
  <sequence>1</sequence>
  <level>RUN_DATA</level>
  <class>com.kms.katalon.core.logging.XmlKeywordLogger</class>
  <method>logMessage</method>
  <thread>1</thread>
  <message>hostName = 20008-KMLM - 192.168.16.44</message>
  <nestedLevel>0</nestedLevel>
  <property name="hostName">20008-KMLM - 192.168.16.44</property>
</record>
<record>
  <date>2020-05-08T11:50:27</date>
  <millis>1588909827822</millis>
  <sequence>2</sequence>
  <level>RUN_DATA</level>
  <class>com.kms.katalon.core.logging.XmlKeywordLogger</class>
  <method>logMessage</method>
  <thread>1</thread>
  <message>os = Windows 10 64bit</message>
  <nestedLevel>0</nestedLevel>
  <property name="os">Windows 10 64bit</property>
</record>
<record>
  <date>2020-05-08T11:50:27</date>
  <millis>1588909827827</millis>
  <sequence>3</sequence>
  <level>RUN_DATA</level>
  <class>com.kms.katalon.core.logging.XmlKeywordLogger</class>
  <method>logMessage</method>
  <thread>1</thread>
  <message>hostAddress = 192.168.16.44</message>
  <nestedLevel>0</nestedLevel>
  <property name="hostAddress">192.168.16.44</property>
</record>
<record>
  <date>2020-05-08T11:50:27</date>
  <millis>1588909827831</millis>
  <sequence>4</sequence>
  <level>RUN_DATA</level>
  <class>com.kms.katalon.core.logging.XmlKeywordLogger</class>
  <method>logMessage</method>
  <thread>1</thread>
  <message>katalonVersion = 7.2.6.1</message>
  <nestedLevel>0</nestedLevel>
  <property name="katalonVersion">7.2.6.1</property>
</record>
<record>
  <date>2020-05-08T11:50:29</date>
  <millis>1588909829277</millis>
  <sequence>5</sequence>
  <level>START</level>
  <class>com.kms.katalon.core.logging.XmlKeywordLogger</class>
  <method>startTest</method>
  <thread>1</thread>
  <message>Start Test Case : Test Cases/Components/00_Precision and Scale/D2Forms</message>
  <nestedLevel>1</nestedLevel>
  <property name="name">Test Cases/Components/00_Precision and Scale/D2Forms</property>
  <property name="description"></property>
  <property name="id">Test Cases/Components/00_Precision and Scale/D2Forms</property>
  <property name="source">C:\\Users\\20008-KMLM\\Desktop\\ISPS Automation\\Test Cases\\Components\\00_Precision and Scale\\D2Forms.tc</property>
  <property name="tag"></property>
  <property name="isOptional">false</property>
</record>
<record>
  <date>2020-05-08T11:50:30</date>
  <millis>1588909830755</millis>
  <sequence>7</sequence>
  <level>START</level>
  <class>com.kms.katalon.core.logging.XmlKeywordLogger</class>
  <method>startKeyword</method>
  <thread>1</thread>
  <message>Start action : callTestCase(findTestCase(\&amp;quot;Components/LoginV2.0\&amp;quot;), [\&amp;quot;LinkToBeUsed\&amp;quot;:findTestData(\&amp;quot;ISPS2 Test Data\&amp;quot;).getValue(\&amp;quot;URL\&amp;quot;, 2), \&amp;quot;LoginPageTextToBeVerified\&amp;quot;:findTestData(\&amp;quot;ISPS2 Test Data\&amp;quot;).getValue(\&amp;quot;HomeBanner\&amp;quot;, 2), ... ], STOP_ON_FAILURE)</message>
  <nestedLevel>1</nestedLevel>
  <property name="startLine">18</property>
  <property name="stepIndex">1</property>
</record>
<record>
  <date>2020-05-08T11:50:32</date>
  <millis>1588909832835</millis>
  <sequence>26</sequence>
  <level>START</level>
  <class>com.kms.katalon.core.logging.XmlKeywordLogger</class>
  <method>startTest</method>
  <thread>1</thread>
  <message>Start Test Case : Test Cases/Components/LoginV2.0</message>
  <nestedLevel>2</nestedLevel>
  <property name="name">Test Cases/Components/LoginV2.0</property>
  <property name="description"></property>
  <property name="id">Test Cases/Components/LoginV2.0</property>
  <property name="source">C:\\Users\\20008-KMLM\\Desktop\\ISPS Automation\\Test Cases\\Components\\LoginV2.0.tc</property>
  <property name="tag"></property>
  <property name="isOptional">false</property>
</record>
<record>
  <date>2020-05-08T11:50:32</date>
  <millis>1588909832856</millis>
  <sequence>28</sequence>
  <level>INFO</level>
  <class>com.kms.katalon.core.logging.XmlKeywordLogger</class>
  <method>logMessage</method>
  <thread>1</thread>
  <message>LinkToBeUsed = http://192.168.190.37:3012/isps2-mig/authnz/login.do</message>
  <nestedLevel>2</nestedLevel>
</record>
<record>
  <date>2020-05-08T11:50:32</date>
  <millis>1588909832857</millis>
  <sequence>29</sequence>
  <level>INFO</level>
  <class>com.kms.katalon.core.logging.XmlKeywordLogger</class>
  <method>logMessage</method>
  <thread>1</thread>
  <message>LoginPageTextToBeVerified = Sign in to ISPS2-SIT</message>
  <nestedLevel>2</nestedLevel>
</record>
<record>
  <date>2020-05-08T11:50:32</date>
  <millis>1588909832858</millis>
  <sequence>30</sequence>
  <level>INFO</level>
  <class>com.kms.katalon.core.logging.XmlKeywordLogger</class>
  <method>logMessage</method>
  <thread>1</thread>
  <message>Username = sysadmin</message>
  <nestedLevel>2</nestedLevel>
</record>
<record>
  <date>2020-05-08T11:50:32</date>
  <millis>1588909832862</millis>
  <sequence>31</sequence>
  <level>INFO</level>
  <class>com.kms.katalon.core.logging.XmlKeywordLogger</class>
  <method>logMessage</method>
  <thread>1</thread>
  <message>Password = 8SQVv/p9jVScEs4/2CZsLw==</message>
  <nestedLevel>2</nestedLevel>
</record>
<record>
  <date>2020-05-08T11:50:33</date>
  <millis>1588909833189</millis>
  <sequence>32</sequence>
  <level>START</level>
  <class>com.kms.katalon.core.logging.XmlKeywordLogger</class>
  <method>startKeyword</method>
  <thread>1</thread>
  <message>Start action : openBrowser(LinkToBeUsed)</message>
  <nestedLevel>1</nestedLevel>
  <property name="startLine">23</property>
  <property name="stepIndex">1</property>
  <property name="description">Open desired browser and navigate to the provided URL.</property>
</record>
<record>
  <date>2020-05-08T11:50:33</date>
  <millis>1588909833985</millis>
  <sequence>34</sequence>
  <level>INFO</level>
  <class>com.kms.katalon.core.logging.XmlKeywordLogger</class>
  <method>logMessage</method>
  <thread>1</thread>
  <message>Starting &amp;apos;Chrome&amp;apos; driver</message>
  <nestedLevel>2</nestedLevel>
</record>
<record>
  <date>2020-05-08T11:50:34</date>
  <millis>1588909834189</millis>
  <sequence>36</sequence>
  <level>INFO</level>
  <class>com.kms.katalon.core.logging.XmlKeywordLogger</class>
  <method>logMessage</method>
  <thread>1</thread>
  <message>Action delay is set to 0 seconds</message>
  <nestedLevel>2</nestedLevel>
</record>
