<?xml version="1.0" encoding="UTF-8" standalone="no"?>
<!DOCTYPE log SYSTEM "logger.dtd">
<log>
<record>
  <date>2020-06-03T10:15:49</date>
  <millis>1591150549393</millis>
  <sequence>0</sequence>
  <level>START</level>
  <class>com.kms.katalon.core.logging.XmlKeywordLogger</class>
  <method>startSuite</method>
  <thread>1</thread>
  <message>Start Test Suite : Test Suites/PFI Precision and Scale Automated Regression Suite/PFIA/Decision</message>
  <nestedLevel>0</nestedLevel>
  <property name="name">Decision</property>
  <property name="description"></property>
  <property name="id">Test Suites/PFI Precision and Scale Automated Regression Suite/PFIA/Decision</property>
</record>
<record>
  <date>2020-06-03T10:15:49</date>
  <millis>1591150549414</millis>
  <sequence>1</sequence>
  <level>RUN_DATA</level>
  <class>com.kms.katalon.core.logging.XmlKeywordLogger</class>
  <method>logMessage</method>
  <thread>1</thread>
  <message>hostName = 20008-KMLM - 192.168.16.44</message>
  <nestedLevel>0</nestedLevel>
  <property name="hostName">20008-KMLM - 192.168.16.44</property>
</record>
<record>
  <date>2020-06-03T10:15:49</date>
  <millis>1591150549415</millis>
  <sequence>2</sequence>
  <level>RUN_DATA</level>
  <class>com.kms.katalon.core.logging.XmlKeywordLogger</class>
  <method>logMessage</method>
  <thread>1</thread>
  <message>os = Windows 10 64bit</message>
  <nestedLevel>0</nestedLevel>
  <property name="os">Windows 10 64bit</property>
</record>
<record>
  <date>2020-06-03T10:15:49</date>
  <millis>1591150549415</millis>
  <sequence>3</sequence>
  <level>RUN_DATA</level>
  <class>com.kms.katalon.core.logging.XmlKeywordLogger</class>
  <method>logMessage</method>
  <thread>1</thread>
  <message>hostAddress = 192.168.16.44</message>
  <nestedLevel>0</nestedLevel>
  <property name="hostAddress">192.168.16.44</property>
</record>
<record>
  <date>2020-06-03T10:15:49</date>
  <millis>1591150549416</millis>
  <sequence>4</sequence>
  <level>RUN_DATA</level>
  <class>com.kms.katalon.core.logging.XmlKeywordLogger</class>
  <method>logMessage</method>
  <thread>1</thread>
  <message>katalonVersion = 7.2.1.1</message>
  <nestedLevel>0</nestedLevel>
  <property name="katalonVersion">7.2.1.1</property>
</record>
<record>
  <date>2020-06-03T10:15:50</date>
  <millis>1591150550109</millis>
  <sequence>5</sequence>
  <level>START</level>
  <class>com.kms.katalon.core.logging.XmlKeywordLogger</class>
  <method>startTest</method>
  <thread>1</thread>
  <message>Start Test Case : Test Cases/PFI Precision and Scale/PFI Test Cases/Process Case (PFIA)/PFIA.RecommendLHS</message>
  <nestedLevel>1</nestedLevel>
  <property name="name">Test Cases/PFI Precision and Scale/PFI Test Cases/Process Case (PFIA)/PFIA.RecommendLHS</property>
  <property name="description"></property>
  <property name="id">Test Cases/PFI Precision and Scale/PFI Test Cases/Process Case (PFIA)/PFIA.RecommendLHS</property>
  <property name="source">C:\\Users\\20008-KMLM\\Desktop\\ISPS Automation\\Test Cases\\PFI Precision and Scale\\PFI Test Cases\\Process Case (PFIA)\\PFIA.RecommendLHS.tc</property>
  <property name="tag"></property>
  <property name="isOptional">false</property>
</record>
<record>
  <date>2020-06-03T10:15:50</date>
  <millis>1591150550164</millis>
  <sequence>7</sequence>
  <level>ERROR</level>
  <class>com.kms.katalon.core.logging.XmlKeywordLogger</class>
  <method>logMessage</method>
  <thread>1</thread>
  <message>Test Cases/PFI Precision and Scale/PFI Test Cases/Process Case (PFIA)/PFIA.RecommendLHS has ERROR(s).\nReason:\njava.io.FileNotFoundException: File &amp;apos;&amp;apos; does not exist</message>
  <nestedLevel>1</nestedLevel>
  <property name="failed.exception.class">java.io.FileNotFoundException</property>
  <property name="failed.exception.stacktrace">java.io.FileNotFoundException: File &apos;&apos; does not exist\r\n\tat org.apache.commons.io.FileUtils.openInputStream(FileUtils.java:299)\r\n\tat org.apache.commons.io.FileUtils.readFileToString(FileUtils.java:1711)\r\n\tat org.apache.commons.io.FileUtils.readFileToString(FileUtils.java:1734)\r\n\tat com.kms.katalon.core.main.TestCaseMethodNodeCollector.&lt;init&gt;(TestCaseMethodNodeCollector.java:43)\r\n\tat com.kms.katalon.core.main.TestCaseExecutor.processScriptPreparationPhase(TestCaseExecutor.java:141)\r\n\tat com.kms.katalon.core.main.TestCaseExecutor.execute(TestCaseExecutor.java:210)\r\n\tat com.kms.katalon.core.main.TestSuiteExecutor.accessTestCaseMainPhase(TestSuiteExecutor.java:169)\r\n\tat com.kms.katalon.core.main.TestSuiteExecutor.accessTestSuiteMainPhase(TestSuiteExecutor.java:142)\r\n\tat com.kms.katalon.core.main.TestSuiteExecutor.execute(TestSuiteExecutor.java:91)\r\n\tat com.kms.katalon.core.main.TestCaseMain.startTestSuite(TestCaseMain.java:157)\r\n\tat com.kms.katalon.core.main.TestCaseMain$startTestSuite$0.call(Unknown Source)\r\n\tat TempTestSuite1591150536281.run(TempTestSuite1591150536281.groovy:36)\r\n</property>
  <property name="failed.exception.message">File &apos;&apos; does not exist</property>
</record>
<record>
  <date>2020-06-03T10:15:50</date>
  <millis>1591150550168</millis>
  <sequence>8</sequence>
  <level>END</level>
  <class>com.kms.katalon.core.logging.XmlKeywordLogger</class>
  <method>endTest</method>
  <thread>1</thread>
  <message>End Test Case : Test Cases/PFI Precision and Scale/PFI Test Cases/Process Case (PFIA)/PFIA.RecommendLHS</message>
  <nestedLevel>0</nestedLevel>
</record>
<record>
  <date>2020-06-03T10:15:50</date>
  <millis>1591150550197</millis>
  <sequence>9</sequence>
  <level>START</level>
  <class>com.kms.katalon.core.logging.XmlKeywordLogger</class>
  <method>startTest</method>
  <thread>1</thread>
  <message>Start Test Case : Test Cases/PFI Precision and Scale/PFI Test Cases/Process Case (PFIA)/PFIA.ReminderLHS</message>
  <nestedLevel>1</nestedLevel>
  <property name="name">Test Cases/PFI Precision and Scale/PFI Test Cases/Process Case (PFIA)/PFIA.ReminderLHS</property>
  <property name="description"></property>
  <property name="id">Test Cases/PFI Precision and Scale/PFI Test Cases/Process Case (PFIA)/PFIA.ReminderLHS</property>
  <property name="source">C:\\Users\\20008-KMLM\\Desktop\\ISPS Automation\\Test Cases\\PFI Precision and Scale\\PFI Test Cases\\Process Case (PFIA)\\PFIA.ReminderLHS.tc</property>
  <property name="tag"></property>
  <property name="isOptional">false</property>
</record>
<record>
  <date>2020-06-03T10:15:50</date>
  <millis>1591150550203</millis>
  <sequence>11</sequence>
  <level>ERROR</level>
  <class>com.kms.katalon.core.logging.XmlKeywordLogger</class>
  <method>logMessage</method>
  <thread>1</thread>
  <message>Test Cases/PFI Precision and Scale/PFI Test Cases/Process Case (PFIA)/PFIA.ReminderLHS has ERROR(s).\nReason:\njava.io.FileNotFoundException: File &amp;apos;&amp;apos; does not exist</message>
  <nestedLevel>1</nestedLevel>
  <property name="failed.exception.class">java.io.FileNotFoundException</property>
  <property name="failed.exception.stacktrace">java.io.FileNotFoundException: File &apos;&apos; does not exist\r\n\tat org.apache.commons.io.FileUtils.openInputStream(FileUtils.java:299)\r\n\tat org.apache.commons.io.FileUtils.readFileToString(FileUtils.java:1711)\r\n\tat org.apache.commons.io.FileUtils.readFileToString(FileUtils.java:1734)\r\n\tat com.kms.katalon.core.main.TestCaseMethodNodeCollector.&lt;init&gt;(TestCaseMethodNodeCollector.java:43)\r\n\tat com.kms.katalon.core.main.TestCaseExecutor.processScriptPreparationPhase(TestCaseExecutor.java:141)\r\n\tat com.kms.katalon.core.main.TestCaseExecutor.execute(TestCaseExecutor.java:210)\r\n\tat com.kms.katalon.core.main.TestSuiteExecutor.accessTestCaseMainPhase(TestSuiteExecutor.java:169)\r\n\tat com.kms.katalon.core.main.TestSuiteExecutor.accessTestSuiteMainPhase(TestSuiteExecutor.java:142)\r\n\tat com.kms.katalon.core.main.TestSuiteExecutor.execute(TestSuiteExecutor.java:91)\r\n\tat com.kms.katalon.core.main.TestCaseMain.startTestSuite(TestCaseMain.java:157)\r\n\tat com.kms.katalon.core.main.TestCaseMain$startTestSuite$0.call(Unknown Source)\r\n\tat TempTestSuite1591150536281.run(TempTestSuite1591150536281.groovy:36)\r\n</property>
  <property name="failed.exception.message">File &apos;&apos; does not exist</property>
</record>
<record>
  <date>2020-06-03T10:15:50</date>
  <millis>1591150550208</millis>
  <sequence>12</sequence>
  <level>END</level>
  <class>com.kms.katalon.core.logging.XmlKeywordLogger</class>
  <method>endTest</method>
  <thread>1</thread>
  <message>End Test Case : Test Cases/PFI Precision and Scale/PFI Test Cases/Process Case (PFIA)/PFIA.ReminderLHS</message>
  <nestedLevel>0</nestedLevel>
</record>
<record>
  <date>2020-06-03T10:15:50</date>
  <millis>1591150550252</millis>
  <sequence>13</sequence>
  <level>START</level>
  <class>com.kms.katalon.core.logging.XmlKeywordLogger</class>
  <method>startTest</method>
  <thread>1</thread>
  <message>Start Test Case : Test Cases/PFI Precision and Scale/PFI Test Cases/Process Case (PFIA)/PFIA.IssueStatusLHS</message>
  <nestedLevel>1</nestedLevel>
  <property name="name">Test Cases/PFI Precision and Scale/PFI Test Cases/Process Case (PFIA)/PFIA.IssueStatusLHS</property>
  <property name="description"></property>
  <property name="id">Test Cases/PFI Precision and Scale/PFI Test Cases/Process Case (PFIA)/PFIA.IssueStatusLHS</property>
  <property name="source">C:\\Users\\20008-KMLM\\Desktop\\ISPS Automation\\Test Cases\\PFI Precision and Scale\\PFI Test Cases\\Process Case (PFIA)\\PFIA.IssueStatusLHS.tc</property>
  <property name="tag"></property>
  <property name="isOptional">false</property>
</record>
<record>
  <date>2020-06-03T10:15:50</date>
  <millis>1591150550258</millis>
  <sequence>15</sequence>
  <level>ERROR</level>
  <class>com.kms.katalon.core.logging.XmlKeywordLogger</class>
  <method>logMessage</method>
  <thread>1</thread>
  <message>Test Cases/PFI Precision and Scale/PFI Test Cases/Process Case (PFIA)/PFIA.IssueStatusLHS has ERROR(s).\nReason:\njava.io.FileNotFoundException: File &amp;apos;&amp;apos; does not exist</message>
  <nestedLevel>1</nestedLevel>
  <property name="failed.exception.class">java.io.FileNotFoundException</property>
  <property name="failed.exception.stacktrace">java.io.FileNotFoundException: File &apos;&apos; does not exist\r\n\tat org.apache.commons.io.FileUtils.openInputStream(FileUtils.java:299)\r\n\tat org.apache.commons.io.FileUtils.readFileToString(FileUtils.java:1711)\r\n\tat org.apache.commons.io.FileUtils.readFileToString(FileUtils.java:1734)\r\n\tat com.kms.katalon.core.main.TestCaseMethodNodeCollector.&lt;init&gt;(TestCaseMethodNodeCollector.java:43)\r\n\tat com.kms.katalon.core.main.TestCaseExecutor.processScriptPreparationPhase(TestCaseExecutor.java:141)\r\n\tat com.kms.katalon.core.main.TestCaseExecutor.execute(TestCaseExecutor.java:210)\r\n\tat com.kms.katalon.core.main.TestSuiteExecutor.accessTestCaseMainPhase(TestSuiteExecutor.java:169)\r\n\tat com.kms.katalon.core.main.TestSuiteExecutor.accessTestSuiteMainPhase(TestSuiteExecutor.java:142)\r\n\tat com.kms.katalon.core.main.TestSuiteExecutor.execute(TestSuiteExecutor.java:91)\r\n\tat com.kms.katalon.core.main.TestCaseMain.startTestSuite(TestCaseMain.java:157)\r\n\tat com.kms.katalon.core.main.TestCaseMain$startTestSuite$0.call(Unknown Source)\r\n\tat TempTestSuite1591150536281.run(TempTestSuite1591150536281.groovy:36)\r\n</property>
  <property name="failed.exception.message">File &apos;&apos; does not exist</property>
</record>
<record>
  <date>2020-06-03T10:15:50</date>
  <millis>1591150550263</millis>
  <sequence>16</sequence>
  <level>END</level>
  <class>com.kms.katalon.core.logging.XmlKeywordLogger</class>
  <method>endTest</method>
  <thread>1</thread>
  <message>End Test Case : Test Cases/PFI Precision and Scale/PFI Test Cases/Process Case (PFIA)/PFIA.IssueStatusLHS</message>
  <nestedLevel>0</nestedLevel>
</record>
<record>
  <date>2020-06-03T10:15:50</date>
  <millis>1591150550283</millis>
  <sequence>17</sequence>
  <level>START</level>
  <class>com.kms.katalon.core.logging.XmlKeywordLogger</class>
  <method>startTest</method>
  <thread>1</thread>
  <message>Start Test Case : Test Cases/PFI Precision and Scale/PFI Test Cases/Process Case (PFIA)/PFIA.CloseCaseLHS</message>
  <nestedLevel>1</nestedLevel>
  <property name="name">Test Cases/PFI Precision and Scale/PFI Test Cases/Process Case (PFIA)/PFIA.CloseCaseLHS</property>
  <property name="description"></property>
  <property name="id">Test Cases/PFI Precision and Scale/PFI Test Cases/Process Case (PFIA)/PFIA.CloseCaseLHS</property>
  <property name="source">C:\\Users\\20008-KMLM\\Desktop\\ISPS Automation\\Test Cases\\PFI Precision and Scale\\PFI Test Cases\\Process Case (PFIA)\\PFIA.CloseCaseLHS.tc</property>
  <property name="tag"></property>
  <property name="isOptional">false</property>
</record>
<record>
  <date>2020-06-03T10:15:50</date>
  <millis>1591150550288</millis>
  <sequence>19</sequence>
  <level>ERROR</level>
  <class>com.kms.katalon.core.logging.XmlKeywordLogger</class>
  <method>logMessage</method>
  <thread>1</thread>
  <message>Test Cases/PFI Precision and Scale/PFI Test Cases/Process Case (PFIA)/PFIA.CloseCaseLHS has ERROR(s).\nReason:\njava.io.FileNotFoundException: File &amp;apos;&amp;apos; does not exist</message>
  <nestedLevel>1</nestedLevel>
  <property name="failed.exception.class">java.io.FileNotFoundException</property>
  <property name="failed.exception.stacktrace">java.io.FileNotFoundException: File &apos;&apos; does not exist\r\n\tat org.apache.commons.io.FileUtils.openInputStream(FileUtils.java:299)\r\n\tat org.apache.commons.io.FileUtils.readFileToString(FileUtils.java:1711)\r\n\tat org.apache.commons.io.FileUtils.readFileToString(FileUtils.java:1734)\r\n\tat com.kms.katalon.core.main.TestCaseMethodNodeCollector.&lt;init&gt;(TestCaseMethodNodeCollector.java:43)\r\n\tat com.kms.katalon.core.main.TestCaseExecutor.processScriptPreparationPhase(TestCaseExecutor.java:141)\r\n\tat com.kms.katalon.core.main.TestCaseExecutor.execute(TestCaseExecutor.java:210)\r\n\tat com.kms.katalon.core.main.TestSuiteExecutor.accessTestCaseMainPhase(TestSuiteExecutor.java:169)\r\n\tat com.kms.katalon.core.main.TestSuiteExecutor.accessTestSuiteMainPhase(TestSuiteExecutor.java:142)\r\n\tat com.kms.katalon.core.main.TestSuiteExecutor.execute(TestSuiteExecutor.java:91)\r\n\tat com.kms.katalon.core.main.TestCaseMain.startTestSuite(TestCaseMain.java:157)\r\n\tat com.kms.katalon.core.main.TestCaseMain$startTestSuite$0.call(Unknown Source)\r\n\tat TempTestSuite1591150536281.run(TempTestSuite1591150536281.groovy:36)\r\n</property>
  <property name="failed.exception.message">File &apos;&apos; does not exist</property>
</record>
<record>
  <date>2020-06-03T10:15:50</date>
  <millis>1591150550291</millis>
  <sequence>20</sequence>
  <level>END</level>
  <class>com.kms.katalon.core.logging.XmlKeywordLogger</class>
  <method>endTest</method>
  <thread>1</thread>
  <message>End Test Case : Test Cases/PFI Precision and Scale/PFI Test Cases/Process Case (PFIA)/PFIA.CloseCaseLHS</message>
  <nestedLevel>0</nestedLevel>
</record>
<record>
  <date>2020-06-03T10:15:50</date>
  <millis>1591150550386</millis>
  <sequence>21</sequence>
  <level>END</level>
  <class>com.kms.katalon.core.logging.XmlKeywordLogger</class>
  <method>endSuite</method>
  <thread>1</thread>
  <message>End Test Suite : Test Suites/PFI Precision and Scale Automated Regression Suite/PFIA/Decision</message>
  <nestedLevel>0</nestedLevel>
</record>
</log>
