<?xml version="1.0" encoding="UTF-8" standalone="no"?>
<!DOCTYPE log SYSTEM "logger.dtd">
<log>
<record>
  <date>2020-06-09T13:16:47</date>
  <millis>1591679807065</millis>
  <sequence>0</sequence>
  <level>START</level>
  <class>com.kms.katalon.core.logging.XmlKeywordLogger</class>
  <method>startSuite</method>
  <thread>1</thread>
  <message>Start Test Suite : Test Suites/PFI Precision and Scale Automated Regression Suite/PFI/PFI-Page Section</message>
  <nestedLevel>0</nestedLevel>
  <property name="name">PFI-Page Section</property>
  <property name="description"></property>
  <property name="id">Test Suites/PFI Precision and Scale Automated Regression Suite/PFI/PFI-Page Section</property>
</record>
<record>
  <date>2020-06-09T13:16:47</date>
  <millis>1591679807077</millis>
  <sequence>1</sequence>
  <level>RUN_DATA</level>
  <class>com.kms.katalon.core.logging.XmlKeywordLogger</class>
  <method>logMessage</method>
  <thread>1</thread>
  <message>hostName = 19023-RAC - 192.168.16.39</message>
  <nestedLevel>0</nestedLevel>
  <property name="hostName">19023-RAC - 192.168.16.39</property>
</record>
<record>
  <date>2020-06-09T13:16:47</date>
  <millis>1591679807078</millis>
  <sequence>2</sequence>
  <level>RUN_DATA</level>
  <class>com.kms.katalon.core.logging.XmlKeywordLogger</class>
  <method>logMessage</method>
  <thread>1</thread>
  <message>os = Windows 10 64bit</message>
  <nestedLevel>0</nestedLevel>
  <property name="os">Windows 10 64bit</property>
</record>
<record>
  <date>2020-06-09T13:16:47</date>
  <millis>1591679807078</millis>
  <sequence>3</sequence>
  <level>RUN_DATA</level>
  <class>com.kms.katalon.core.logging.XmlKeywordLogger</class>
  <method>logMessage</method>
  <thread>1</thread>
  <message>hostAddress = 192.168.16.39</message>
  <nestedLevel>0</nestedLevel>
  <property name="hostAddress">192.168.16.39</property>
</record>
<record>
  <date>2020-06-09T13:16:47</date>
  <millis>1591679807097</millis>
  <sequence>4</sequence>
  <level>RUN_DATA</level>
  <class>com.kms.katalon.core.logging.XmlKeywordLogger</class>
  <method>logMessage</method>
  <thread>1</thread>
  <message>katalonVersion = 7.2.1.1</message>
  <nestedLevel>0</nestedLevel>
  <property name="katalonVersion">7.2.1.1</property>
</record>
<record>
  <date>2020-06-09T13:16:47</date>
  <millis>1591679807283</millis>
  <sequence>5</sequence>
  <level>START</level>
  <class>com.kms.katalon.core.logging.XmlKeywordLogger</class>
  <method>startTest</method>
  <thread>1</thread>
  <message>Start Test Case : Test Cases/PFI Precision and Scale/PFI Test Cases/Process Case (PFI)/PFI.EOTRequestLHS</message>
  <nestedLevel>1</nestedLevel>
  <property name="name">Test Cases/PFI Precision and Scale/PFI Test Cases/Process Case (PFI)/PFI.EOTRequestLHS</property>
  <property name="description"></property>
  <property name="id">Test Cases/PFI Precision and Scale/PFI Test Cases/Process Case (PFI)/PFI.EOTRequestLHS</property>
  <property name="source">C:\\Users\\19023-RAC\\Desktop\\New Automation Copy\\Test Cases\\PFI Precision and Scale\\PFI Test Cases\\Process Case (PFI)\\PFI.EOTRequestLHS.tc</property>
  <property name="tag"></property>
  <property name="isOptional">false</property>
</record>
<record>
  <date>2020-06-09T13:16:47</date>
  <millis>1591679807689</millis>
  <sequence>7</sequence>
  <level>START</level>
  <class>com.kms.katalon.core.logging.XmlKeywordLogger</class>
  <method>startKeyword</method>
  <thread>1</thread>
  <message>Start action : callTestCase(findTestCase(\&amp;quot;Components/LoginV2.0\&amp;quot;), [\&amp;quot;LinkToBeUsed\&amp;quot;:findTestData(\&amp;quot;Datatable\&amp;quot;).getValue(\&amp;quot;URL\&amp;quot;, 1), \&amp;quot;LoginPageTextToBeVerified\&amp;quot;:findTestData(\&amp;quot;Datatable\&amp;quot;).getValue(\&amp;quot;HomeBanner\&amp;quot;, 1), ... ], STOP_ON_FAILURE)</message>
  <nestedLevel>1</nestedLevel>
  <property name="startLine">25</property>
  <property name="stepIndex">1</property>
  <property name="description">Login in ISPS2</property>
</record>
<record>
  <date>2020-06-09T13:16:47</date>
  <millis>1591679807853</millis>
  <sequence>22</sequence>
  <level>START</level>
  <class>com.kms.katalon.core.logging.XmlKeywordLogger</class>
  <method>startTest</method>
  <thread>1</thread>
  <message>Start Test Case : Test Cases/Components/LoginV2.0</message>
  <nestedLevel>2</nestedLevel>
  <property name="name">Test Cases/Components/LoginV2.0</property>
  <property name="description"></property>
  <property name="id">Test Cases/Components/LoginV2.0</property>
  <property name="source">C:\\Users\\19023-RAC\\Desktop\\New Automation Copy\\Test Cases\\Components\\LoginV2.0.tc</property>
  <property name="tag"></property>
  <property name="isOptional">false</property>
</record>
<record>
  <date>2020-06-09T13:16:47</date>
  <millis>1591679807862</millis>
  <sequence>24</sequence>
  <level>INFO</level>
  <class>com.kms.katalon.core.logging.XmlKeywordLogger</class>
  <method>logMessage</method>
  <thread>1</thread>
  <message>LinkToBeUsed = http://10.0.2.41:3012/isps2-prod-verify/authnz/login.do</message>
  <nestedLevel>2</nestedLevel>
</record>
<record>
  <date>2020-06-09T13:16:47</date>
  <millis>1591679807862</millis>
  <sequence>25</sequence>
  <level>INFO</level>
  <class>com.kms.katalon.core.logging.XmlKeywordLogger</class>
  <method>logMessage</method>
  <thread>1</thread>
  <message>LoginPageTextToBeVerified = Sign in to ISPS2-PROD-Verify</message>
  <nestedLevel>2</nestedLevel>
</record>
<record>
  <date>2020-06-09T13:16:47</date>
  <millis>1591679807863</millis>
  <sequence>26</sequence>
  <level>INFO</level>
  <class>com.kms.katalon.core.logging.XmlKeywordLogger</class>
  <method>logMessage</method>
  <thread>1</thread>
  <message>Username = sysadmin</message>
  <nestedLevel>2</nestedLevel>
</record>
<record>
  <date>2020-06-09T13:16:47</date>
  <millis>1591679807864</millis>
  <sequence>27</sequence>
  <level>INFO</level>
  <class>com.kms.katalon.core.logging.XmlKeywordLogger</class>
  <method>logMessage</method>
  <thread>1</thread>
  <message>Password = 8SQVv/p9jVScEs4/2CZsLw==</message>
  <nestedLevel>2</nestedLevel>
</record>
<record>
  <date>2020-06-09T13:16:48</date>
  <millis>1591679808140</millis>
  <sequence>28</sequence>
  <level>START</level>
  <class>com.kms.katalon.core.logging.XmlKeywordLogger</class>
  <method>startKeyword</method>
  <thread>1</thread>
  <message>Start action : openBrowser(LinkToBeUsed)</message>
  <nestedLevel>1</nestedLevel>
  <property name="startLine">23</property>
  <property name="stepIndex">1</property>
  <property name="description">Open desired browser and navigate to the provided URL.</property>
</record>
<record>
  <date>2020-06-09T13:16:48</date>
  <millis>1591679808314</millis>
  <sequence>30</sequence>
  <level>INFO</level>
  <class>com.kms.katalon.core.logging.XmlKeywordLogger</class>
  <method>logMessage</method>
  <thread>1</thread>
  <message>Starting &amp;apos;Edge&amp;apos; driver</message>
  <nestedLevel>2</nestedLevel>
</record>
<record>
  <date>2020-06-09T13:16:48</date>
  <millis>1591679808928</millis>
  <sequence>32</sequence>
  <level>INFO</level>
  <class>com.kms.katalon.core.logging.XmlKeywordLogger</class>
  <method>logMessage</method>
  <thread>1</thread>
  <message>Action delay is set to 0 seconds</message>
  <nestedLevel>2</nestedLevel>
</record>
<record>
  <date>2020-06-09T13:16:53</date>
  <millis>1591679813327</millis>
  <sequence>34</sequence>
  <level>RUN_DATA</level>
  <class>com.kms.katalon.core.logging.XmlKeywordLogger</class>
  <method>logMessage</method>
  <thread>1</thread>
  <message>sessionId = 18d0c9d65aa3563dc2c4540dc2c77e47</message>
  <nestedLevel>2</nestedLevel>
  <property name="sessionId">18d0c9d65aa3563dc2c4540dc2c77e47</property>
</record>
<record>
  <date>2020-06-09T13:16:53</date>
  <millis>1591679813345</millis>
  <sequence>35</sequence>
  <level>RUN_DATA</level>
  <class>com.kms.katalon.core.logging.XmlKeywordLogger</class>
  <method>logMessage</method>
  <thread>1</thread>
  <message>browser = Chrome 83.0.4103.97</message>
  <nestedLevel>2</nestedLevel>
  <property name="browser">Chrome 83.0.4103.97</property>
</record>
<record>
  <date>2020-06-09T13:16:53</date>
  <millis>1591679813345</millis>
  <sequence>36</sequence>
  <level>RUN_DATA</level>
  <class>com.kms.katalon.core.logging.XmlKeywordLogger</class>
  <method>logMessage</method>
  <thread>1</thread>
  <message>platform = Windows 10</message>
  <nestedLevel>2</nestedLevel>
  <property name="platform">Windows 10</property>
</record>
<record>
  <date>2020-06-09T13:16:53</date>
  <millis>1591679813346</millis>
  <sequence>37</sequence>
  <level>RUN_DATA</level>
  <class>com.kms.katalon.core.logging.XmlKeywordLogger</class>
  <method>logMessage</method>
  <thread>1</thread>
  <message>seleniumVersion = 3.141.59</message>
  <nestedLevel>2</nestedLevel>
  <property name="seleniumVersion">3.141.59</property>
</record>
<record>
  <date>2020-06-09T13:16:53</date>
  <millis>1591679813347</millis>
  <sequence>38</sequence>
  <level>RUN_DATA</level>
  <class>com.kms.katalon.core.logging.XmlKeywordLogger</class>
  <method>logMessage</method>
  <thread>1</thread>
  <message>proxyInformation = ProxyInformation{proxyOption=NO_PROXY, proxyServerType=HTTP, password=, proxyServerAddress=, proxyServerPort=0, executionList=}</message>
  <nestedLevel>2</nestedLevel>
  <property name="proxyInformation">ProxyInformation{proxyOption=NO_PROXY, proxyServerType=HTTP, password=, proxyServerAddress=, proxyServerPort=0, executionList=}</property>
</record>
<record>
  <date>2020-06-09T13:16:59</date>
  <millis>1591679819694</millis>
  <sequence>40</sequence>
  <level>PASSED</level>
  <class>com.kms.katalon.core.logging.XmlKeywordLogger</class>
  <method>logMessage</method>
  <thread>1</thread>
  <message>Browser is opened with url: &amp;apos;http://10.0.2.41:3012/isps2-prod-verify/authnz/login.do&amp;apos;</message>
  <nestedLevel>2</nestedLevel>
</record>
<record>
  <date>2020-06-09T13:16:59</date>
  <millis>1591679819695</millis>
  <sequence>41</sequence>
  <level>END</level>
  <class>com.kms.katalon.core.logging.XmlKeywordLogger</class>
  <method>endKeyword</method>
  <thread>1</thread>
  <message>End action : openBrowser(LinkToBeUsed)</message>
  <nestedLevel>1</nestedLevel>
</record>
<record>
  <date>2020-06-09T13:16:59</date>
  <millis>1591679819696</millis>
  <sequence>42</sequence>
  <level>START</level>
  <class>com.kms.katalon.core.logging.XmlKeywordLogger</class>
  <method>startKeyword</method>
  <thread>1</thread>
  <message>Start action : maximizeWindow()</message>
  <nestedLevel>1</nestedLevel>
  <property name="startLine">26</property>
  <property name="stepIndex">2</property>
  <property name="description">Maximize browser window.</property>
</record>
<record>
  <date>2020-06-09T13:17:01</date>
  <millis>1591679821868</millis>
  <sequence>44</sequence>
  <level>PASSED</level>
  <class>com.kms.katalon.core.logging.XmlKeywordLogger</class>
  <method>logMessage</method>
  <thread>1</thread>
  <message>Current window maximized</message>
  <nestedLevel>2</nestedLevel>
</record>
<record>
  <date>2020-06-09T13:17:01</date>
  <millis>1591679821869</millis>
  <sequence>45</sequence>
  <level>END</level>
  <class>com.kms.katalon.core.logging.XmlKeywordLogger</class>
  <method>endKeyword</method>
  <thread>1</thread>
  <message>End action : maximizeWindow()</message>
  <nestedLevel>1</nestedLevel>
</record>
<record>
  <date>2020-06-09T13:17:01</date>
  <millis>1591679821869</millis>
  <sequence>46</sequence>
  <level>START</level>
  <class>com.kms.katalon.core.logging.XmlKeywordLogger</class>
  <method>startKeyword</method>
  <thread>1</thread>
  <message>Start action : verifyTextPresent(LoginPageTextToBeVerified, false)</message>
  <nestedLevel>1</nestedLevel>
  <property name="startLine">29</property>
  <property name="stepIndex">3</property>
  <property name="description">Verify \&quot;Sign in to ISPS2-PROD-Verify\&quot; text is present to confirm that the user is in ISPS login page.</property>
</record>
<record>
  <date>2020-06-09T13:17:01</date>
  <millis>1591679821979</millis>
  <sequence>50</sequence>
  <level>PASSED</level>
  <class>com.kms.katalon.core.logging.XmlKeywordLogger</class>
  <method>logMessage</method>
  <thread>1</thread>
  <message>Text &amp;apos;Sign in to ISPS2-PROD-Verify&amp;apos; is present on page </message>
  <nestedLevel>2</nestedLevel>
</record>
<record>
  <date>2020-06-09T13:17:01</date>
  <millis>1591679821979</millis>
  <sequence>51</sequence>
  <level>END</level>
  <class>com.kms.katalon.core.logging.XmlKeywordLogger</class>
  <method>endKeyword</method>
  <thread>1</thread>
  <message>End action : verifyTextPresent(LoginPageTextToBeVerified, false)</message>
  <nestedLevel>1</nestedLevel>
</record>
<record>
  <date>2020-06-09T13:17:01</date>
  <millis>1591679821979</millis>
  <sequence>52</sequence>
  <level>START</level>
  <class>com.kms.katalon.core.logging.XmlKeywordLogger</class>
  <method>startKeyword</method>
  <thread>1</thread>
  <message>Start action : setText(findTestObject(\&amp;quot;Objects.LoginV2.0/Login Page/input_Sign in to ISPS2-PROD-Verify_username\&amp;quot;), Username)</message>
  <nestedLevel>1</nestedLevel>
  <property name="startLine">32</property>
  <property name="stepIndex">4</property>
  <property name="description">Populates the userName field with desired value. </property>
</record>
<record>
  <date>2020-06-09T13:17:02</date>
  <millis>1591679822156</millis>
  <sequence>63</sequence>
  <level>PASSED</level>
  <class>com.kms.katalon.core.logging.XmlKeywordLogger</class>
  <method>logMessage</method>
  <thread>1</thread>
  <message>Text &amp;apos;sysadmin&amp;apos; is set on object &amp;apos;Object Repository/Objects.LoginV2.0/Login Page/input_Sign in to ISPS2-PROD-Verify_username&amp;apos;</message>
  <nestedLevel>2</nestedLevel>
</record>
<record>
  <date>2020-06-09T13:17:02</date>
  <millis>1591679822156</millis>
  <sequence>64</sequence>
  <level>END</level>
  <class>com.kms.katalon.core.logging.XmlKeywordLogger</class>
  <method>endKeyword</method>
  <thread>1</thread>
  <message>End action : setText(findTestObject(\&amp;quot;Objects.LoginV2.0/Login Page/input_Sign in to ISPS2-PROD-Verify_username\&amp;quot;), Username)</message>
  <nestedLevel>1</nestedLevel>
</record>
<record>
  <date>2020-06-09T13:17:02</date>
  <millis>1591679822156</millis>
  <sequence>65</sequence>
  <level>START</level>
  <class>com.kms.katalon.core.logging.XmlKeywordLogger</class>
  <method>startKeyword</method>
  <thread>1</thread>
  <message>Start action : setEncryptedText(findTestObject(\&amp;quot;Objects.LoginV2.0/Login Page/input_This field is required_password\&amp;quot;), Password)</message>
  <nestedLevel>1</nestedLevel>
  <property name="startLine">35</property>
  <property name="stepIndex">5</property>
  <property name="description">Decrypts the encrypted value of password before populating the field. </property>
</record>
<record>
  <date>2020-06-09T13:17:02</date>
  <millis>1591679822332</millis>
  <sequence>76</sequence>
  <level>PASSED</level>
  <class>com.kms.katalon.core.logging.XmlKeywordLogger</class>
  <method>logMessage</method>
  <thread>1</thread>
  <message>Text ****** has been set on object &amp;apos;Object Repository/Objects.LoginV2.0/Login Page/input_This field is required_password&amp;apos;</message>
  <nestedLevel>2</nestedLevel>
</record>
<record>
  <date>2020-06-09T13:17:02</date>
  <millis>1591679822333</millis>
  <sequence>77</sequence>
  <level>END</level>
  <class>com.kms.katalon.core.logging.XmlKeywordLogger</class>
  <method>endKeyword</method>
  <thread>1</thread>
  <message>End action : setEncryptedText(findTestObject(\&amp;quot;Objects.LoginV2.0/Login Page/input_This field is required_password\&amp;quot;), Password)</message>
  <nestedLevel>1</nestedLevel>
</record>
<record>
  <date>2020-06-09T13:17:02</date>
  <millis>1591679822333</millis>
  <sequence>78</sequence>
  <level>START</level>
  <class>com.kms.katalon.core.logging.XmlKeywordLogger</class>
  <method>startKeyword</method>
  <thread>1</thread>
  <message>Start action : setEncryptedText(findTestObject(null), Password)</message>
  <nestedLevel>1</nestedLevel>
  <property name="startLine">37</property>
  <property name="stepIndex">6</property>
</record>
<record>
  <date>2020-06-09T13:17:02</date>
  <millis>1591679822334</millis>
  <sequence>79</sequence>
  <level>NOT_RUN</level>
  <class>com.kms.katalon.core.logging.XmlKeywordLogger</class>
  <method>logMessage</method>
  <thread>1</thread>
  <message>NOT_RUN: setEncryptedText(findTestObject(null), Password)</message>
  <nestedLevel>2</nestedLevel>
</record>
<record>
  <date>2020-06-09T13:17:02</date>
  <millis>1591679822335</millis>
  <sequence>80</sequence>
  <level>END</level>
  <class>com.kms.katalon.core.logging.XmlKeywordLogger</class>
  <method>endKeyword</method>
  <thread>1</thread>
  <message>End action : setEncryptedText(findTestObject(null), Password)</message>
  <nestedLevel>1</nestedLevel>
</record>
<record>
  <date>2020-06-09T13:17:02</date>
  <millis>1591679822335</millis>
  <sequence>81</sequence>
  <level>START</level>
  <class>com.kms.katalon.core.logging.XmlKeywordLogger</class>
  <method>startKeyword</method>
  <thread>1</thread>
  <message>Start action : click(findTestObject(\&amp;quot;Objects.LoginV2.0/Login Page/div_Sign in to ISPS2-PROD-Verify_NovaGoButton-1021\&amp;quot;), OPTIONAL)</message>
  <nestedLevel>1</nestedLevel>
  <property name="startLine">40</property>
  <property name="stepIndex">7</property>
  <property name="description">Click login button.</property>
</record>
<record>
  <date>2020-06-09T13:17:02</date>
  <millis>1591679822449</millis>
  <sequence>92</sequence>
  <level>PASSED</level>
  <class>com.kms.katalon.core.logging.XmlKeywordLogger</class>
  <method>logMessage</method>
  <thread>1</thread>
  <message>Object: &amp;apos;Object Repository/Objects.LoginV2.0/Login Page/div_Sign in to ISPS2-PROD-Verify_NovaGoButton-1021&amp;apos; is clicked on</message>
  <nestedLevel>2</nestedLevel>
</record>
<record>
  <date>2020-06-09T13:17:02</date>
  <millis>1591679822449</millis>
  <sequence>93</sequence>
  <level>END</level>
  <class>com.kms.katalon.core.logging.XmlKeywordLogger</class>
  <method>endKeyword</method>
  <thread>1</thread>
  <message>End action : click(findTestObject(\&amp;quot;Objects.LoginV2.0/Login Page/div_Sign in to ISPS2-PROD-Verify_NovaGoButton-1021\&amp;quot;), OPTIONAL)</message>
  <nestedLevel>1</nestedLevel>
</record>
<record>
  <date>2020-06-09T13:17:02</date>
  <millis>1591679822449</millis>
  <sequence>94</sequence>
  <level>START</level>
  <class>com.kms.katalon.core.logging.XmlKeywordLogger</class>
  <method>startKeyword</method>
  <thread>1</thread>
  <message>Start action : waitForPageLoad(30)</message>
  <nestedLevel>1</nestedLevel>
  <property name="startLine">43</property>
  <property name="stepIndex">8</property>
  <property name="description">Wait for page to load completely before continuing to other automated actions.</property>
</record>
<record>
  <date>2020-06-09T13:17:02</date>
  <millis>1591679822522</millis>
  <sequence>96</sequence>
  <level>PASSED</level>
  <class>com.kms.katalon.core.logging.XmlKeywordLogger</class>
  <method>logMessage</method>
  <thread>1</thread>
  <message>Wait for page load successfully</message>
  <nestedLevel>2</nestedLevel>
</record>
<record>
  <date>2020-06-09T13:17:02</date>
  <millis>1591679822523</millis>
  <sequence>97</sequence>
  <level>END</level>
  <class>com.kms.katalon.core.logging.XmlKeywordLogger</class>
  <method>endKeyword</method>
  <thread>1</thread>
  <message>End action : waitForPageLoad(30)</message>
  <nestedLevel>1</nestedLevel>
</record>
<record>
  <date>2020-06-09T13:17:02</date>
  <millis>1591679822523</millis>
  <sequence>98</sequence>
  <level>START</level>
  <class>com.kms.katalon.core.logging.XmlKeywordLogger</class>
  <method>startKeyword</method>
  <thread>1</thread>
  <message>Start action : Thread.sleep(3000)</message>
  <nestedLevel>1</nestedLevel>
  <property name="startLine">46</property>
  <property name="stepIndex">9</property>
  <property name="description">Best practice: Wait for 3 seconds after a page navigation component. </property>
</record>
<record>
  <date>2020-06-09T13:17:05</date>
  <millis>1591679825527</millis>
  <sequence>99</sequence>
  <level>END</level>
  <class>com.kms.katalon.core.logging.XmlKeywordLogger</class>
  <method>endKeyword</method>
  <thread>1</thread>
  <message>End action : Thread.sleep(3000)</message>
  <nestedLevel>1</nestedLevel>
</record>
<record>
  <date>2020-06-09T13:17:05</date>
  <millis>1591679825527</millis>
  <sequence>100</sequence>
  <level>PASSED</level>
  <class>com.kms.katalon.core.logging.XmlKeywordLogger</class>
  <method>logMessage</method>
  <thread>1</thread>
  <message>Test Cases/Components/LoginV2.0</message>
  <nestedLevel>2</nestedLevel>
</record>
<record>
  <date>2020-06-09T13:17:05</date>
  <millis>1591679825527</millis>
  <sequence>101</sequence>
  <level>END</level>
  <class>com.kms.katalon.core.logging.XmlKeywordLogger</class>
  <method>endTest</method>
  <thread>1</thread>
  <message>End Test Case : Test Cases/Components/LoginV2.0</message>
  <nestedLevel>1</nestedLevel>
</record>
<record>
  <date>2020-06-09T13:17:05</date>
  <millis>1591679825532</millis>
  <sequence>102</sequence>
  <level>PASSED</level>
  <class>com.kms.katalon.core.logging.XmlKeywordLogger</class>
  <method>logMessage</method>
  <thread>1</thread>
  <message>Call Test Case &amp;apos;Test Cases/Components/LoginV2.0&amp;apos; successfully</message>
  <nestedLevel>1</nestedLevel>
</record>
<record>
  <date>2020-06-09T13:17:05</date>
  <millis>1591679825533</millis>
  <sequence>103</sequence>
  <level>END</level>
  <class>com.kms.katalon.core.logging.XmlKeywordLogger</class>
  <method>endKeyword</method>
  <thread>1</thread>
  <message>End action : callTestCase(findTestCase(\&amp;quot;Components/LoginV2.0\&amp;quot;), [\&amp;quot;LinkToBeUsed\&amp;quot;:findTestData(\&amp;quot;Datatable\&amp;quot;).getValue(\&amp;quot;URL\&amp;quot;, 1), \&amp;quot;LoginPageTextToBeVerified\&amp;quot;:findTestData(\&amp;quot;Datatable\&amp;quot;).getValue(\&amp;quot;HomeBanner\&amp;quot;, 1), ... ], STOP_ON_FAILURE)</message>
  <nestedLevel>1</nestedLevel>
</record>
<record>
  <date>2020-06-09T13:17:05</date>
  <millis>1591679825533</millis>
  <sequence>104</sequence>
  <level>START</level>
  <class>com.kms.katalon.core.logging.XmlKeywordLogger</class>
  <method>startKeyword</method>
  <thread>1</thread>
  <message>Start action : callTestCase(findTestCase(\&amp;quot;Components/Filter\&amp;quot;), [\&amp;quot;taskDescription\&amp;quot;:\&amp;quot;Process Case (SM)\&amp;quot;], STOP_ON_FAILURE)</message>
  <nestedLevel>1</nestedLevel>
  <property name="startLine">30</property>
  <property name="stepIndex">2</property>
  <property name="description">Search for Process Case (SM)</property>
</record>
<record>
  <date>2020-06-09T13:17:05</date>
  <millis>1591679825590</millis>
  <sequence>107</sequence>
  <level>START</level>
  <class>com.kms.katalon.core.logging.XmlKeywordLogger</class>
  <method>startTest</method>
  <thread>1</thread>
  <message>Start Test Case : Test Cases/Components/Filter</message>
  <nestedLevel>2</nestedLevel>
  <property name="name">Test Cases/Components/Filter</property>
  <property name="description"></property>
  <property name="id">Test Cases/Components/Filter</property>
  <property name="source">C:\\Users\\19023-RAC\\Desktop\\New Automation Copy\\Test Cases\\Components\\Filter.tc</property>
  <property name="tag"></property>
  <property name="isOptional">false</property>
</record>
<record>
  <date>2020-06-09T13:17:05</date>
  <millis>1591679825606</millis>
  <sequence>109</sequence>
  <level>INFO</level>
  <class>com.kms.katalon.core.logging.XmlKeywordLogger</class>
  <method>logMessage</method>
  <thread>1</thread>
  <message>taskDescription = Process Case (SM)</message>
  <nestedLevel>2</nestedLevel>
</record>
<record>
  <date>2020-06-09T13:17:05</date>
  <millis>1591679825863</millis>
  <sequence>110</sequence>
  <level>START</level>
  <class>com.kms.katalon.core.logging.XmlKeywordLogger</class>
  <method>startKeyword</method>
  <thread>1</thread>
  <message>Start action : Thread.sleep(5000)</message>
  <nestedLevel>1</nestedLevel>
  <property name="startLine">23</property>
  <property name="stepIndex">1</property>
  <property name="description">Wait for a second before proceeding to execute further automated scripts. </property>
</record>
<record>
  <date>2020-06-09T13:17:10</date>
  <millis>1591679830865</millis>
  <sequence>111</sequence>
  <level>END</level>
  <class>com.kms.katalon.core.logging.XmlKeywordLogger</class>
  <method>endKeyword</method>
  <thread>1</thread>
  <message>End action : Thread.sleep(5000)</message>
  <nestedLevel>1</nestedLevel>
</record>
<record>
  <date>2020-06-09T13:17:10</date>
  <millis>1591679830865</millis>
  <sequence>112</sequence>
  <level>START</level>
  <class>com.kms.katalon.core.logging.XmlKeywordLogger</class>
  <method>startKeyword</method>
  <thread>1</thread>
  <message>Start action : waitForPageLoad(180)</message>
  <nestedLevel>1</nestedLevel>
  <property name="startLine">25</property>
  <property name="stepIndex">2</property>
</record>
<record>
  <date>2020-06-09T13:17:10</date>
  <millis>1591679830899</millis>
  <sequence>114</sequence>
  <level>PASSED</level>
  <class>com.kms.katalon.core.logging.XmlKeywordLogger</class>
  <method>logMessage</method>
  <thread>1</thread>
  <message>Wait for page load successfully</message>
  <nestedLevel>2</nestedLevel>
</record>
<record>
  <date>2020-06-09T13:17:10</date>
  <millis>1591679830900</millis>
  <sequence>115</sequence>
  <level>END</level>
  <class>com.kms.katalon.core.logging.XmlKeywordLogger</class>
  <method>endKeyword</method>
  <thread>1</thread>
  <message>End action : waitForPageLoad(180)</message>
  <nestedLevel>1</nestedLevel>
</record>
<record>
  <date>2020-06-09T13:17:10</date>
  <millis>1591679830900</millis>
  <sequence>116</sequence>
  <level>START</level>
  <class>com.kms.katalon.core.logging.XmlKeywordLogger</class>
  <method>startKeyword</method>
  <thread>1</thread>
  <message>Start action : waitForElementNotPresent(findTestObject(\&amp;quot;Objects.Filter/Page_ISPS2/div_Loading search result Please wait\&amp;quot;), 180)</message>
  <nestedLevel>1</nestedLevel>
  <property name="startLine">27</property>
  <property name="stepIndex">3</property>
</record>
<record>
  <date>2020-06-09T13:17:10</date>
  <millis>1591679830984</millis>
  <sequence>122</sequence>
  <level>PASSED</level>
  <class>com.kms.katalon.core.logging.XmlKeywordLogger</class>
  <method>logMessage</method>
  <thread>1</thread>
  <message>Web element with id: &amp;apos;Object Repository/Objects.Filter/Page_ISPS2/div_Loading search result Please wait&amp;apos; located by &amp;apos;By.xpath: //div[@class = &amp;apos;x-mask-msg-text&amp;apos; and (text() = &amp;apos;Loading search result. Please wait...&amp;apos; or . = &amp;apos;Loading search result. Please wait...&amp;apos;)]&amp;apos; is not present after &amp;apos;180&amp;apos; second(s)</message>
  <nestedLevel>2</nestedLevel>
</record>
<record>
  <date>2020-06-09T13:17:10</date>
  <millis>1591679830984</millis>
  <sequence>123</sequence>
  <level>END</level>
  <class>com.kms.katalon.core.logging.XmlKeywordLogger</class>
  <method>endKeyword</method>
  <thread>1</thread>
  <message>End action : waitForElementNotPresent(findTestObject(\&amp;quot;Objects.Filter/Page_ISPS2/div_Loading search result Please wait\&amp;quot;), 180)</message>
  <nestedLevel>1</nestedLevel>
</record>
<record>
  <date>2020-06-09T13:17:10</date>
  <millis>1591679830984</millis>
  <sequence>124</sequence>
  <level>START</level>
  <class>com.kms.katalon.core.logging.XmlKeywordLogger</class>
  <method>startKeyword</method>
  <thread>1</thread>
  <message>Start action : click(findTestObject(\&amp;quot;Objects.Filter/Page_ISPS2/XP.Embutidooo\&amp;quot;))</message>
  <nestedLevel>1</nestedLevel>
  <property name="startLine">30</property>
  <property name="stepIndex">4</property>
  <property name="description">Click the filter icon. </property>
</record>
<record>
  <date>2020-06-09T13:17:11</date>
  <millis>1591679831156</millis>
  <sequence>135</sequence>
  <level>PASSED</level>
  <class>com.kms.katalon.core.logging.XmlKeywordLogger</class>
  <method>logMessage</method>
  <thread>1</thread>
  <message>Object: &amp;apos;Object Repository/Objects.Filter/Page_ISPS2/XP.Embutidooo&amp;apos; is clicked on</message>
  <nestedLevel>2</nestedLevel>
</record>
<record>
  <date>2020-06-09T13:17:11</date>
  <millis>1591679831157</millis>
  <sequence>136</sequence>
  <level>END</level>
  <class>com.kms.katalon.core.logging.XmlKeywordLogger</class>
  <method>endKeyword</method>
  <thread>1</thread>
  <message>End action : click(findTestObject(\&amp;quot;Objects.Filter/Page_ISPS2/XP.Embutidooo\&amp;quot;))</message>
  <nestedLevel>1</nestedLevel>
</record>
<record>
  <date>2020-06-09T13:17:11</date>
  <millis>1591679831157</millis>
  <sequence>137</sequence>
  <level>START</level>
  <class>com.kms.katalon.core.logging.XmlKeywordLogger</class>
  <method>startKeyword</method>
  <thread>1</thread>
  <message>Start action : com.reusableComponents.HighlightElement.run(findTestObject(\&amp;quot;Objects.Filter/Page_ISPS2/span_Reset\&amp;quot;))</message>
  <nestedLevel>1</nestedLevel>
  <property name="startLine">33</property>
  <property name="stepIndex">5</property>
  <property name="description">Verify that the &apos;Reset&apos; button is present before interacting with it. </property>
</record>
<record>
  <date>2020-06-09T13:17:11</date>
  <millis>1591679831796</millis>
  <sequence>144</sequence>
  <level>PASSED</level>
  <class>com.kms.katalon.core.logging.XmlKeywordLogger</class>
  <method>logMessage</method>
  <thread>1</thread>
  <message>com.reusableComponents.HighlightElement.run is PASSED</message>
  <nestedLevel>2</nestedLevel>
</record>
<record>
  <date>2020-06-09T13:17:11</date>
  <millis>1591679831796</millis>
  <sequence>145</sequence>
  <level>END</level>
  <class>com.kms.katalon.core.logging.XmlKeywordLogger</class>
  <method>endKeyword</method>
  <thread>1</thread>
  <message>End action : com.reusableComponents.HighlightElement.run(findTestObject(\&amp;quot;Objects.Filter/Page_ISPS2/span_Reset\&amp;quot;))</message>
  <nestedLevel>1</nestedLevel>
</record>
<record>
  <date>2020-06-09T13:17:11</date>
  <millis>1591679831796</millis>
  <sequence>146</sequence>
  <level>START</level>
  <class>com.kms.katalon.core.logging.XmlKeywordLogger</class>
  <method>startKeyword</method>
  <thread>1</thread>
  <message>Start action : click(findTestObject(\&amp;quot;Objects.Filter/Page_ISPS2/span_Reset\&amp;quot;))</message>
  <nestedLevel>1</nestedLevel>
  <property name="startLine">36</property>
  <property name="stepIndex">6</property>
  <property name="description">Click the &apos;Reset&apos; button.</property>
</record>
<record>
  <date>2020-06-09T13:17:11</date>
  <millis>1591679831899</millis>
  <sequence>157</sequence>
  <level>PASSED</level>
  <class>com.kms.katalon.core.logging.XmlKeywordLogger</class>
  <method>logMessage</method>
  <thread>1</thread>
  <message>Object: &amp;apos;Object Repository/Objects.Filter/Page_ISPS2/span_Reset&amp;apos; is clicked on</message>
  <nestedLevel>2</nestedLevel>
</record>
<record>
  <date>2020-06-09T13:17:11</date>
  <millis>1591679831900</millis>
  <sequence>158</sequence>
  <level>END</level>
  <class>com.kms.katalon.core.logging.XmlKeywordLogger</class>
  <method>endKeyword</method>
  <thread>1</thread>
  <message>End action : click(findTestObject(\&amp;quot;Objects.Filter/Page_ISPS2/span_Reset\&amp;quot;))</message>
  <nestedLevel>1</nestedLevel>
</record>
<record>
  <date>2020-06-09T13:17:11</date>
  <millis>1591679831900</millis>
  <sequence>159</sequence>
  <level>START</level>
  <class>com.kms.katalon.core.logging.XmlKeywordLogger</class>
  <method>startKeyword</method>
  <thread>1</thread>
  <message>Start action : com.reusableComponents.HighlightElement.run(findTestObject(\&amp;quot;Objects.Filter/Page_ISPS2/TextBoxTaskDescription\&amp;quot;))</message>
  <nestedLevel>1</nestedLevel>
  <property name="startLine">39</property>
  <property name="stepIndex">7</property>
  <property name="description">Verify and highight the &apos;Task Description&apos; textbox. </property>
</record>
<record>
  <date>2020-06-09T13:17:12</date>
  <millis>1591679832490</millis>
  <sequence>166</sequence>
  <level>PASSED</level>
  <class>com.kms.katalon.core.logging.XmlKeywordLogger</class>
  <method>logMessage</method>
  <thread>1</thread>
  <message>com.reusableComponents.HighlightElement.run is PASSED</message>
  <nestedLevel>2</nestedLevel>
</record>
<record>
  <date>2020-06-09T13:17:12</date>
  <millis>1591679832490</millis>
  <sequence>167</sequence>
  <level>END</level>
  <class>com.kms.katalon.core.logging.XmlKeywordLogger</class>
  <method>endKeyword</method>
  <thread>1</thread>
  <message>End action : com.reusableComponents.HighlightElement.run(findTestObject(\&amp;quot;Objects.Filter/Page_ISPS2/TextBoxTaskDescription\&amp;quot;))</message>
  <nestedLevel>1</nestedLevel>
</record>
<record>
  <date>2020-06-09T13:17:12</date>
  <millis>1591679832491</millis>
  <sequence>168</sequence>
  <level>START</level>
  <class>com.kms.katalon.core.logging.XmlKeywordLogger</class>
  <method>startKeyword</method>
  <thread>1</thread>
  <message>Start action : setText(findTestObject(\&amp;quot;Objects.Filter/Page_ISPS2/TextBoxTaskDescription\&amp;quot;), taskDescription)</message>
  <nestedLevel>1</nestedLevel>
  <property name="startLine">42</property>
  <property name="stepIndex">8</property>
  <property name="description">Populate the &apos;Task Description&apos; field with a dynamic variable.</property>
</record>
<record>
  <date>2020-06-09T13:17:12</date>
  <millis>1591679832774</millis>
  <sequence>179</sequence>
  <level>PASSED</level>
  <class>com.kms.katalon.core.logging.XmlKeywordLogger</class>
  <method>logMessage</method>
  <thread>1</thread>
  <message>Text &amp;apos;Process Case (SM)&amp;apos; is set on object &amp;apos;Object Repository/Objects.Filter/Page_ISPS2/TextBoxTaskDescription&amp;apos;</message>
  <nestedLevel>2</nestedLevel>
</record>
<record>
  <date>2020-06-09T13:17:12</date>
  <millis>1591679832775</millis>
  <sequence>180</sequence>
  <level>END</level>
  <class>com.kms.katalon.core.logging.XmlKeywordLogger</class>
  <method>endKeyword</method>
  <thread>1</thread>
  <message>End action : setText(findTestObject(\&amp;quot;Objects.Filter/Page_ISPS2/TextBoxTaskDescription\&amp;quot;), taskDescription)</message>
  <nestedLevel>1</nestedLevel>
</record>
<record>
  <date>2020-06-09T13:17:12</date>
  <millis>1591679832775</millis>
  <sequence>181</sequence>
  <level>START</level>
  <class>com.kms.katalon.core.logging.XmlKeywordLogger</class>
  <method>startKeyword</method>
  <thread>1</thread>
  <message>Start action : caseType = taskDescription</message>
  <nestedLevel>1</nestedLevel>
  <property name="startLine">45</property>
  <property name="stepIndex">9</property>
  <property name="description">Transfer the value into a global variable.</property>
</record>
<record>
  <date>2020-06-09T13:17:14</date>
  <millis>1591679834001</millis>
  <sequence>182</sequence>
  <level>END</level>
  <class>com.kms.katalon.core.logging.XmlKeywordLogger</class>
  <method>endKeyword</method>
  <thread>1</thread>
  <message>End action : caseType = taskDescription</message>
  <nestedLevel>1</nestedLevel>
</record>
<record>
  <date>2020-06-09T13:17:14</date>
  <millis>1591679834001</millis>
  <sequence>183</sequence>
  <level>START</level>
  <class>com.kms.katalon.core.logging.XmlKeywordLogger</class>
  <method>startKeyword</method>
  <thread>1</thread>
  <message>Start action : sendKeys(findTestObject(\&amp;quot;Objects.Filter/Page_ISPS2/TextBoxTaskDescription\&amp;quot;), Keys.chord(ENTER))</message>
  <nestedLevel>1</nestedLevel>
  <property name="startLine">48</property>
  <property name="stepIndex">10</property>
  <property name="description">Press the &apos;Enter&apos; key after successful input of the filter. </property>
</record>
<record>
  <date>2020-06-09T13:17:14</date>
  <millis>1591679834106</millis>
  <sequence>191</sequence>
  <level>PASSED</level>
  <class>com.kms.katalon.core.logging.XmlKeywordLogger</class>
  <method>logMessage</method>
  <thread>1</thread>
  <message>Keys &amp;apos;ENTER + &amp;apos; sent to object: &amp;apos;Object Repository/Objects.Filter/Page_ISPS2/TextBoxTaskDescription&amp;apos;</message>
  <nestedLevel>2</nestedLevel>
</record>
<record>
  <date>2020-06-09T13:17:14</date>
  <millis>1591679834106</millis>
  <sequence>192</sequence>
  <level>END</level>
  <class>com.kms.katalon.core.logging.XmlKeywordLogger</class>
  <method>endKeyword</method>
  <thread>1</thread>
  <message>End action : sendKeys(findTestObject(\&amp;quot;Objects.Filter/Page_ISPS2/TextBoxTaskDescription\&amp;quot;), Keys.chord(ENTER))</message>
  <nestedLevel>1</nestedLevel>
</record>
<record>
  <date>2020-06-09T13:17:14</date>
  <millis>1591679834107</millis>
  <sequence>193</sequence>
  <level>START</level>
  <class>com.kms.katalon.core.logging.XmlKeywordLogger</class>
  <method>startKeyword</method>
  <thread>1</thread>
  <message>Start action : com.reusableComponents.HighlightElement.run(findTestObject(\&amp;quot;Objects.Filter/Page_ISPS2/span_Search\&amp;quot;))</message>
  <nestedLevel>1</nestedLevel>
  <property name="startLine">51</property>
  <property name="stepIndex">11</property>
  <property name="description">Verify that the &apos;Search&apos; button is present before interacting with it. </property>
</record>
<record>
  <date>2020-06-09T13:17:14</date>
  <millis>1591679834688</millis>
  <sequence>200</sequence>
  <level>PASSED</level>
  <class>com.kms.katalon.core.logging.XmlKeywordLogger</class>
  <method>logMessage</method>
  <thread>1</thread>
  <message>com.reusableComponents.HighlightElement.run is PASSED</message>
  <nestedLevel>2</nestedLevel>
</record>
<record>
  <date>2020-06-09T13:17:14</date>
  <millis>1591679834689</millis>
  <sequence>201</sequence>
  <level>END</level>
  <class>com.kms.katalon.core.logging.XmlKeywordLogger</class>
  <method>endKeyword</method>
  <thread>1</thread>
  <message>End action : com.reusableComponents.HighlightElement.run(findTestObject(\&amp;quot;Objects.Filter/Page_ISPS2/span_Search\&amp;quot;))</message>
  <nestedLevel>1</nestedLevel>
</record>
<record>
  <date>2020-06-09T13:17:14</date>
  <millis>1591679834689</millis>
  <sequence>202</sequence>
  <level>START</level>
  <class>com.kms.katalon.core.logging.XmlKeywordLogger</class>
  <method>startKeyword</method>
  <thread>1</thread>
  <message>Start action : click(findTestObject(\&amp;quot;Objects.Filter/Page_ISPS2/span_Search\&amp;quot;))</message>
  <nestedLevel>1</nestedLevel>
  <property name="startLine">54</property>
  <property name="stepIndex">12</property>
  <property name="description">Click the &apos;Search&apos; button.</property>
</record>
<record>
  <date>2020-06-09T13:17:14</date>
  <millis>1591679834800</millis>
  <sequence>213</sequence>
  <level>PASSED</level>
  <class>com.kms.katalon.core.logging.XmlKeywordLogger</class>
  <method>logMessage</method>
  <thread>1</thread>
  <message>Object: &amp;apos;Object Repository/Objects.Filter/Page_ISPS2/span_Search&amp;apos; is clicked on</message>
  <nestedLevel>2</nestedLevel>
</record>
<record>
  <date>2020-06-09T13:17:14</date>
  <millis>1591679834800</millis>
  <sequence>214</sequence>
  <level>END</level>
  <class>com.kms.katalon.core.logging.XmlKeywordLogger</class>
  <method>endKeyword</method>
  <thread>1</thread>
  <message>End action : click(findTestObject(\&amp;quot;Objects.Filter/Page_ISPS2/span_Search\&amp;quot;))</message>
  <nestedLevel>1</nestedLevel>
</record>
<record>
  <date>2020-06-09T13:17:14</date>
  <millis>1591679834800</millis>
  <sequence>215</sequence>
  <level>START</level>
  <class>com.kms.katalon.core.logging.XmlKeywordLogger</class>
  <method>startKeyword</method>
  <thread>1</thread>
  <message>Start action : verifyTextPresent(\&amp;quot;Loading search result. Please wait...\&amp;quot;, false)</message>
  <nestedLevel>1</nestedLevel>
  <property name="startLine">57</property>
  <property name="stepIndex">13</property>
  <property name="description">Verify that the loading pop-up appeared.</property>
</record>
<record>
  <date>2020-06-09T13:17:14</date>
  <millis>1591679834801</millis>
  <sequence>216</sequence>
  <level>NOT_RUN</level>
  <class>com.kms.katalon.core.logging.XmlKeywordLogger</class>
  <method>logMessage</method>
  <thread>1</thread>
  <message>NOT_RUN: verifyTextPresent(\&amp;quot;Loading search result. Please wait...\&amp;quot;, false)</message>
  <nestedLevel>2</nestedLevel>
</record>
<record>
  <date>2020-06-09T13:17:14</date>
  <millis>1591679834801</millis>
  <sequence>217</sequence>
  <level>END</level>
  <class>com.kms.katalon.core.logging.XmlKeywordLogger</class>
  <method>endKeyword</method>
  <thread>1</thread>
  <message>End action : verifyTextPresent(\&amp;quot;Loading search result. Please wait...\&amp;quot;, false)</message>
  <nestedLevel>1</nestedLevel>
</record>
<record>
  <date>2020-06-09T13:17:14</date>
  <millis>1591679834801</millis>
  <sequence>218</sequence>
  <level>START</level>
  <class>com.kms.katalon.core.logging.XmlKeywordLogger</class>
  <method>startKeyword</method>
  <thread>1</thread>
  <message>Start action : waitForElementNotPresent(findTestObject(\&amp;quot;Objects.Filter/Page_ISPS2/div_Loading search result Please wait\&amp;quot;), 120)</message>
  <nestedLevel>1</nestedLevel>
  <property name="startLine">60</property>
  <property name="stepIndex">14</property>
  <property name="description">Wait for the loading pop-up to disappear.</property>
</record>
<record>
  <date>2020-06-09T13:17:14</date>
  <millis>1591679834801</millis>
  <sequence>219</sequence>
  <level>NOT_RUN</level>
  <class>com.kms.katalon.core.logging.XmlKeywordLogger</class>
  <method>logMessage</method>
  <thread>1</thread>
  <message>NOT_RUN: waitForElementNotPresent(findTestObject(\&amp;quot;Objects.Filter/Page_ISPS2/div_Loading search result Please wait\&amp;quot;), 120)</message>
  <nestedLevel>2</nestedLevel>
</record>
<record>
  <date>2020-06-09T13:17:14</date>
  <millis>1591679834801</millis>
  <sequence>220</sequence>
  <level>END</level>
  <class>com.kms.katalon.core.logging.XmlKeywordLogger</class>
  <method>endKeyword</method>
  <thread>1</thread>
  <message>End action : waitForElementNotPresent(findTestObject(\&amp;quot;Objects.Filter/Page_ISPS2/div_Loading search result Please wait\&amp;quot;), 120)</message>
  <nestedLevel>1</nestedLevel>
</record>
<record>
  <date>2020-06-09T13:17:14</date>
  <millis>1591679834802</millis>
  <sequence>221</sequence>
  <level>START</level>
  <class>com.kms.katalon.core.logging.XmlKeywordLogger</class>
  <method>startKeyword</method>
  <thread>1</thread>
  <message>Start action : Thread.sleep(5000)</message>
  <nestedLevel>1</nestedLevel>
  <property name="startLine">64</property>
  <property name="stepIndex">15</property>
  <property name="description">Wait for a second before proceeding to execute further automated scripts. </property>
</record>
<record>
  <date>2020-06-09T13:17:19</date>
  <millis>1591679839802</millis>
  <sequence>222</sequence>
  <level>END</level>
  <class>com.kms.katalon.core.logging.XmlKeywordLogger</class>
  <method>endKeyword</method>
  <thread>1</thread>
  <message>End action : Thread.sleep(5000)</message>
  <nestedLevel>1</nestedLevel>
</record>
<record>
  <date>2020-06-09T13:17:19</date>
  <millis>1591679839803</millis>
  <sequence>223</sequence>
  <level>PASSED</level>
  <class>com.kms.katalon.core.logging.XmlKeywordLogger</class>
  <method>logMessage</method>
  <thread>1</thread>
  <message>Test Cases/Components/Filter</message>
  <nestedLevel>2</nestedLevel>
</record>
<record>
  <date>2020-06-09T13:17:19</date>
  <millis>1591679839804</millis>
  <sequence>224</sequence>
  <level>END</level>
  <class>com.kms.katalon.core.logging.XmlKeywordLogger</class>
  <method>endTest</method>
  <thread>1</thread>
  <message>End Test Case : Test Cases/Components/Filter</message>
  <nestedLevel>1</nestedLevel>
</record>
<record>
  <date>2020-06-09T13:17:19</date>
  <millis>1591679839806</millis>
  <sequence>225</sequence>
  <level>PASSED</level>
  <class>com.kms.katalon.core.logging.XmlKeywordLogger</class>
  <method>logMessage</method>
  <thread>1</thread>
  <message>Call Test Case &amp;apos;Test Cases/Components/Filter&amp;apos; successfully</message>
  <nestedLevel>1</nestedLevel>
</record>
<record>
  <date>2020-06-09T13:17:19</date>
  <millis>1591679839809</millis>
  <sequence>226</sequence>
  <level>END</level>
  <class>com.kms.katalon.core.logging.XmlKeywordLogger</class>
  <method>endKeyword</method>
  <thread>1</thread>
  <message>End action : callTestCase(findTestCase(\&amp;quot;Components/Filter\&amp;quot;), [\&amp;quot;taskDescription\&amp;quot;:\&amp;quot;Process Case (SM)\&amp;quot;], STOP_ON_FAILURE)</message>
  <nestedLevel>1</nestedLevel>
</record>
<record>
  <date>2020-06-09T13:17:19</date>
  <millis>1591679839810</millis>
  <sequence>227</sequence>
  <level>START</level>
  <class>com.kms.katalon.core.logging.XmlKeywordLogger</class>
  <method>startKeyword</method>
  <thread>1</thread>
  <message>Start action : callTestCase(findTestCase(\&amp;quot;Components/ClickLinkDependingOnTextAndIndex\&amp;quot;), [\&amp;quot;linkName\&amp;quot;:\&amp;quot;Process Case (SM)\&amp;quot;, \&amp;quot;index\&amp;quot;:7], STOP_ON_FAILURE)</message>
  <nestedLevel>1</nestedLevel>
  <property name="startLine">33</property>
  <property name="stepIndex">3</property>
  <property name="description">Click on Process Case (SM) Link</property>
</record>
<record>
  <date>2020-06-09T13:17:19</date>
  <millis>1591679839880</millis>
  <sequence>230</sequence>
  <level>START</level>
  <class>com.kms.katalon.core.logging.XmlKeywordLogger</class>
  <method>startTest</method>
  <thread>1</thread>
  <message>Start Test Case : Test Cases/Components/ClickLinkDependingOnTextAndIndex</message>
  <nestedLevel>2</nestedLevel>
  <property name="name">Test Cases/Components/ClickLinkDependingOnTextAndIndex</property>
  <property name="description"></property>
  <property name="id">Test Cases/Components/ClickLinkDependingOnTextAndIndex</property>
  <property name="source">C:\\Users\\19023-RAC\\Desktop\\New Automation Copy\\Test Cases\\Components\\ClickLinkDependingOnTextAndIndex.tc</property>
  <property name="tag"></property>
  <property name="isOptional">false</property>
</record>
<record>
  <date>2020-06-09T13:17:19</date>
  <millis>1591679839885</millis>
  <sequence>232</sequence>
  <level>INFO</level>
  <class>com.kms.katalon.core.logging.XmlKeywordLogger</class>
  <method>logMessage</method>
  <thread>1</thread>
  <message>linkName = Process Case (SM)</message>
  <nestedLevel>2</nestedLevel>
</record>
<record>
  <date>2020-06-09T13:17:19</date>
  <millis>1591679839887</millis>
  <sequence>233</sequence>
  <level>INFO</level>
  <class>com.kms.katalon.core.logging.XmlKeywordLogger</class>
  <method>logMessage</method>
  <thread>1</thread>
  <message>index = 7</message>
  <nestedLevel>2</nestedLevel>
</record>
<record>
  <date>2020-06-09T13:17:20</date>
  <millis>1591679840038</millis>
  <sequence>234</sequence>
  <level>START</level>
  <class>com.kms.katalon.core.logging.XmlKeywordLogger</class>
  <method>startKeyword</method>
  <thread>1</thread>
  <message>Start action : Thread.sleep(1000)</message>
  <nestedLevel>1</nestedLevel>
  <property name="startLine">21</property>
  <property name="stepIndex">1</property>
  <property name="description">Wait for a moment before further proceeding to the next automated actions.</property>
</record>
